#
# There is insufficient memory for the Java Runtime Environment to continue.
# Native memory allocation (malloc) failed to allocate 795184 bytes for Chunk::new
# Possible reasons:
#   The system is out of physical RAM or swap space
#   The process is running with CompressedOops enabled, and the Java Heap may be blocking the growth of the native heap
# Possible solutions:
#   Reduce memory load on the system
#   Increase physical memory or swap space
#   Check if swap backing store is full
#   Decrease Java heap size (-Xmx/-Xms)
#   Decrease number of Java threads
#   Decrease Java thread stack sizes (-Xss)
#   Set larger code cache with -XX:ReservedCodeCacheSize=
#   JVM is running with Unscaled Compressed Oops mode in which the Java heap is
#     placed in the first 4GB address space. The Java Heap base address is the
#     maximum limit for the native heap growth. Please use -XX:HeapBaseMinAddress
#     to set the Java Heap base and to place the Java Heap above 4GB virtual address.
# This output file may be truncated or incomplete.
#
#  Out of Memory Error (arena.cpp:189), pid=110876, tid=111008
#
# JRE version: OpenJDK Runtime Environment Corretto-17.0.6.10.1 (17.0.6+10) (build 17.0.6+10-LTS)
# Java VM: OpenJDK 64-Bit Server VM Corretto-17.0.6.10.1 (17.0.6+10-LTS, mixed mode, sharing, tiered, compressed oops, compressed class ptrs, g1 gc, windows-amd64)
# No core dump will be written. Minidumps are not enabled by default on client versions of Windows
#

---------------  S U M M A R Y ------------

Command Line: --add-opens=java.base/java.util=ALL-UNNAMED --add-opens=java.base/java.lang=ALL-UNNAMED --add-opens=java.base/java.lang.invoke=ALL-UNNAMED --add-opens=java.prefs/java.util.prefs=ALL-UNNAMED --add-opens=java.base/java.nio.charset=ALL-UNNAMED --add-opens=java.base/java.net=ALL-UNNAMED --add-opens=java.base/java.util.concurrent.atomic=ALL-UNNAMED -XX:MaxMetaspaceSize=256m -XX:+HeapDumpOnOutOfMemoryError -Xms256m -Xmx512m -Dfile.encoding=windows-1250 -Duser.country=SK -Duser.language=sk -Duser.variant org.gradle.launcher.daemon.bootstrap.GradleDaemon 8.0

Host: Intel(R) Core(TM) i3-6006U CPU @ 2.00GHz, 4 cores, 3G,  Windows 10 , 64 bit Build 19041 (10.0.19041.2546)
Time: Wed Feb 22 16:12:53 2023 Stredoeurópsky 4 bit Build 19041 (10.0.19041.2546) elapsed time: 536.018700 seconds (0d 0h 8m 56s)

---------------  T H R E A D  ---------------

Current thread (0x000002a25be87280):  JavaThread "C2 CompilerThread0" daemon [_thread_in_native, id=111008, stack(0x000000ce59b00000,0x000000ce59c00000)]


Current CompileTask:
C2: 536018 6612       4       java.util.ComparableTimSort::sort (219 bytes)

Stack: [0x000000ce59b00000,0x000000ce59c00000]
Native frames: (J=compiled Java code, j=interpreted, Vv=VM code, C=native code)
V  [jvm.dll+0x64b39a]
V  [jvm.dll+0x7ff044]
V  [jvm.dll+0x8007fe]
V  [jvm.dll+0x800e53]
V  [jvm.dll+0x235848]
V  [jvm.dll+0xbce6c]
V  [jvm.dll+0xbd44c]
V  [jvm.dll+0x34f2a7]
V  [jvm.dll+0x319ccf]
V  [jvm.dll+0x31910a]
V  [jvm.dll+0x209ca5]
V  [jvm.dll+0x209237]
V  [jvm.dll+0x19926d]
V  [jvm.dll+0x2185dd]
V  [jvm.dll+0x216824]
V  [jvm.dll+0x7b77bb]
V  [jvm.dll+0x7b1d6a]
V  [jvm.dll+0x64a265]
C  [ucrtbase.dll+0x21bb2]
C  [KERNEL32.DLL+0x17614]
C  [ntdll.dll+0x526a1]


---------------  P R O C E S S  ---------------

Threads class SMR info:
_java_thread_list=0x000002a25e93f6f0, length=58, elements={
0x000002a23fc35450, 0x000002a25be643d0, 0x000002a25be65240, 0x000002a25be7e2c0,
0x000002a25be80c80, 0x000002a25be81630, 0x000002a25be82ff0, 0x000002a25be87280,
0x000002a25be87d20, 0x000002a25beaaee0, 0x000002a25c904120, 0x000002a25c908610,
0x000002a25e451a80, 0x000002a25e5a0010, 0x000002a25e0fa5a0, 0x000002a25e667670,
0x000002a25e44d480, 0x000002a25ca80f60, 0x000002a25ca81dd0, 0x000002a25ca805c0,
0x000002a25ca822a0, 0x000002a25ca80a90, 0x000002a25ca81430, 0x000002a25ca83110,
0x000002a25ca83ab0, 0x000002a25ca81900, 0x000002a25ca82770, 0x000002a25ca82c40,
0x000002a25ca835e0, 0x000002a25ca800f0, 0x000002a25efbf3e0, 0x000002a25efbc3c0,
0x000002a25efbea40, 0x000002a25efbba20, 0x000002a25efbdbd0, 0x000002a25efbe570,
0x000002a25efb8a00, 0x000002a25efbd230, 0x000002a25efbef10, 0x000002a25efb93a0,
0x000002a25efb8ed0, 0x000002a25efb8060, 0x000002a25efb8530, 0x000002a25efb9870,
0x000002a25efbb550, 0x000002a25efbabb0, 0x000002a25efba210, 0x000002a25efba6e0,
0x000002a25d52f000, 0x000002a25d52e660, 0x000002a25d52b170, 0x000002a25d52b640,
0x000002a25d52f4d0, 0x000002a25d52a300, 0x000002a25d52ce50, 0x000002a25d52c980,
0x000002a25d5311b0, 0x000002a25d52a7d0
}

Java Threads: ( => current thread )
  0x000002a23fc35450 JavaThread "main" [_thread_blocked, id=110952, stack(0x000000ce58e00000,0x000000ce58f00000)]
  0x000002a25be643d0 JavaThread "Reference Handler" daemon [_thread_blocked, id=110980, stack(0x000000ce59500000,0x000000ce59600000)]
  0x000002a25be65240 JavaThread "Finalizer" daemon [_thread_blocked, id=110984, stack(0x000000ce59600000,0x000000ce59700000)]
  0x000002a25be7e2c0 JavaThread "Signal Dispatcher" daemon [_thread_blocked, id=110992, stack(0x000000ce59700000,0x000000ce59800000)]
  0x000002a25be80c80 JavaThread "Attach Listener" daemon [_thread_blocked, id=110996, stack(0x000000ce59800000,0x000000ce59900000)]
  0x000002a25be81630 JavaThread "Service Thread" daemon [_thread_blocked, id=111000, stack(0x000000ce59900000,0x000000ce59a00000)]
  0x000002a25be82ff0 JavaThread "Monitor Deflation Thread" daemon [_thread_blocked, id=111004, stack(0x000000ce59a00000,0x000000ce59b00000)]
=>0x000002a25be87280 JavaThread "C2 CompilerThread0" daemon [_thread_in_native, id=111008, stack(0x000000ce59b00000,0x000000ce59c00000)]
  0x000002a25be87d20 JavaThread "C1 CompilerThread0" daemon [_thread_blocked, id=111012, stack(0x000000ce59c00000,0x000000ce59d00000)]
  0x000002a25beaaee0 JavaThread "Sweeper thread" daemon [_thread_blocked, id=111016, stack(0x000000ce59d00000,0x000000ce59e00000)]
  0x000002a25c904120 JavaThread "Common-Cleaner" daemon [_thread_blocked, id=111020, stack(0x000000ce59e00000,0x000000ce59f00000)]
  0x000002a25c908610 JavaThread "Notification Thread" daemon [_thread_blocked, id=111024, stack(0x000000ce59f00000,0x000000ce5a000000)]
  0x000002a25e451a80 JavaThread "Daemon health stats" [_thread_blocked, id=111116, stack(0x000000ce5a400000,0x000000ce5a500000)]
  0x000002a25e5a0010 JavaThread "Incoming local TCP Connector on port 54353" [_thread_in_native, id=111144, stack(0x000000ce5a500000,0x000000ce5a600000)]
  0x000002a25e0fa5a0 JavaThread "Daemon periodic checks" [_thread_blocked, id=111148, stack(0x000000ce5a600000,0x000000ce5a700000)]
  0x000002a25e667670 JavaThread "Daemon" [_thread_blocked, id=111156, stack(0x000000ce5a700000,0x000000ce5a800000)]
  0x000002a25e44d480 JavaThread "Handler for socket connection from /127.0.0.1:54353 to /127.0.0.1:54354" [_thread_in_native, id=111160, stack(0x000000ce5a800000,0x000000ce5a900000)]
  0x000002a25ca80f60 JavaThread "Cancel handler" [_thread_blocked, id=111168, stack(0x000000ce5a900000,0x000000ce5aa00000)]
  0x000002a25ca81dd0 JavaThread "Daemon worker" [_thread_blocked, id=111172, stack(0x000000ce5aa00000,0x000000ce5ab00000)]
  0x000002a25ca805c0 JavaThread "Asynchronous log dispatcher for DefaultDaemonConnection: socket connection from /127.0.0.1:54353 to /127.0.0.1:54354" [_thread_blocked, id=111184, stack(0x000000ce5ab00000,0x000000ce5ac00000)]
  0x000002a25ca822a0 JavaThread "Stdin handler" [_thread_blocked, id=111188, stack(0x000000ce5ac00000,0x000000ce5ad00000)]
  0x000002a25ca80a90 JavaThread "Daemon client event forwarder" [_thread_blocked, id=111192, stack(0x000000ce5ad00000,0x000000ce5ae00000)]
  0x000002a25ca81430 JavaThread "Cache worker for journal cache (C:\Users\Katarina\.gradle\caches\journal-1)" [_thread_blocked, id=111236, stack(0x000000ce5ae00000,0x000000ce5af00000)]
  0x000002a25ca83110 JavaThread "File lock request listener" [_thread_in_native, id=111240, stack(0x000000ce5af00000,0x000000ce5b000000)]
  0x000002a25ca83ab0 JavaThread "Cache worker for file hash cache (C:\Users\Katarina\.gradle\caches\8.0\fileHashes)" [_thread_blocked, id=111248, stack(0x000000ce5b000000,0x000000ce5b100000)]
  0x000002a25ca81900 JavaThread "File watcher server" daemon [_thread_in_native, id=111288, stack(0x000000ce5b100000,0x000000ce5b200000)]
  0x000002a25ca82770 JavaThread "File watcher consumer" daemon [_thread_blocked, id=111292, stack(0x000000ce5b200000,0x000000ce5b300000)]
  0x000002a25ca82c40 JavaThread "Cache worker for checksums cache (C:\Users\Katarina\IdeaProjects\j1-ukol02\.gradle\8.0\checksums)" [_thread_blocked, id=111300, stack(0x000000ce5b300000,0x000000ce5b400000)]
  0x000002a25ca835e0 JavaThread "Cache worker for cache directory md-rule (C:\Users\Katarina\.gradle\caches\8.0\md-rule)" [_thread_blocked, id=111304, stack(0x000000ce5b400000,0x000000ce5b500000)]
  0x000002a25ca800f0 JavaThread "Cache worker for file content cache (C:\Users\Katarina\.gradle\caches\8.0\fileContent)" [_thread_blocked, id=111308, stack(0x000000ce5b500000,0x000000ce5b600000)]
  0x000002a25efbf3e0 JavaThread "Cache worker for file hash cache (C:\Users\Katarina\IdeaProjects\j1-ukol02\.gradle\8.0\fileHashes)" [_thread_blocked, id=111312, stack(0x000000ce5b600000,0x000000ce5b700000)]
  0x000002a25efbc3c0 JavaThread "Cache worker for cache directory md-supplier (C:\Users\Katarina\.gradle\caches\8.0\md-supplier)" [_thread_blocked, id=111316, stack(0x000000ce5b700000,0x000000ce5b800000)]
  0x000002a25efbea40 JavaThread "Cache worker for execution history cache (C:\Users\Katarina\.gradle\caches\8.0\executionHistory)" [_thread_blocked, id=111324, stack(0x000000ce5b800000,0x000000ce5b900000)]
  0x000002a25efbba20 JavaThread "jar transforms" [_thread_blocked, id=111328, stack(0x000000ce5b900000,0x000000ce5ba00000)]
  0x000002a25efbdbd0 JavaThread "jar transforms Thread 2" [_thread_blocked, id=111332, stack(0x000000ce5ba00000,0x000000ce5bb00000)]
  0x000002a25efbe570 JavaThread "jar transforms Thread 3" [_thread_blocked, id=111344, stack(0x000000ce5bb00000,0x000000ce5bc00000)]
  0x000002a25efb8a00 JavaThread "jar transforms Thread 4" [_thread_blocked, id=111348, stack(0x000000ce5bc00000,0x000000ce5bd00000)]
  0x000002a25efbd230 JavaThread "Cache worker for dependencies-accessors (C:\Users\Katarina\IdeaProjects\j1-ukol02\.gradle\8.0\dependencies-accessors)" [_thread_blocked, id=111360, stack(0x000000ce5bd00000,0x000000ce5be00000)]
  0x000002a25efbef10 JavaThread "Cache worker for Build Output Cleanup Cache (C:\Users\Katarina\IdeaProjects\j1-ukol02\.gradle\buildOutputCleanup)" [_thread_blocked, id=111372, stack(0x000000ce5bf00000,0x000000ce5c000000)]
  0x000002a25efb93a0 JavaThread "Memory manager" [_thread_blocked, id=111388, stack(0x000000ce5c000000,0x000000ce5c100000)]
  0x000002a25efb8ed0 JavaThread "Exec process" [_thread_in_native, id=111420, stack(0x000000ce5c400000,0x000000ce5c500000)]
  0x000002a25efb8060 JavaThread "Exec process Thread 2" [_thread_blocked, id=111432, stack(0x000000ce5c500000,0x000000ce5c600000)]
  0x000002a25efb8530 JavaThread "Exec process Thread 3" [_thread_in_native, id=111436, stack(0x000000ce5c600000,0x000000ce5c700000)]
  0x000002a25efb9870 JavaThread "included builds" [_thread_blocked, id=89848, stack(0x000000ce5c700000,0x000000ce5c800000)]
  0x000002a25efbb550 JavaThread "Execution worker" [_thread_blocked, id=110672, stack(0x000000ce5c800000,0x000000ce5c900000)]
  0x000002a25efbabb0 JavaThread "Execution worker Thread 2" [_thread_blocked, id=110632, stack(0x000000ce5c900000,0x000000ce5ca00000)]
  0x000002a25efba210 JavaThread "Execution worker Thread 3" [_thread_blocked, id=109664, stack(0x000000ce5ca00000,0x000000ce5cb00000)]
  0x000002a25efba6e0 JavaThread "Cache worker for execution history cache (C:\Users\Katarina\IdeaProjects\j1-ukol02\.gradle\8.0\executionHistory)" [_thread_blocked, id=88688, stack(0x000000ce5cb00000,0x000000ce5cc00000)]
  0x000002a25d52f000 JavaThread "Unconstrained build operations" [_thread_blocked, id=97180, stack(0x000000ce5cc00000,0x000000ce5cd00000)]
  0x000002a25d52e660 JavaThread "Unconstrained build operations Thread 2" [_thread_blocked, id=109476, stack(0x000000ce5cd00000,0x000000ce5ce00000)]
  0x000002a25d52b170 JavaThread "Unconstrained build operations Thread 3" [_thread_blocked, id=104788, stack(0x000000ce5ce00000,0x000000ce5cf00000)]
  0x000002a25d52b640 JavaThread "Cache worker for Java compile cache (C:\Users\Katarina\.gradle\caches\8.0\javaCompile)" [_thread_blocked, id=70788, stack(0x000000ce5cf00000,0x000000ce5d000000)]
  0x000002a25d52f4d0 JavaThread "Build operations" [_thread_blocked, id=110008, stack(0x000000ce5d000000,0x000000ce5d100000)]
  0x000002a25d52a300 JavaThread "Build operations Thread 2" [_thread_blocked, id=110800, stack(0x000000ce5d100000,0x000000ce5d200000)]
  0x000002a25d52ce50 JavaThread "Build operations Thread 3" [_thread_blocked, id=110796, stack(0x000000ce5d200000,0x000000ce5d300000)]
  0x000002a25d52c980 JavaThread "DisconnectableInputStream source reader" daemon [_thread_blocked, id=110856, stack(0x000000ce5d400000,0x000000ce5d500000)]
  0x000002a25d5311b0 JavaThread "Exec process Thread 4" [_thread_in_native, id=110852, stack(0x000000ce5d500000,0x000000ce5d600000)]
  0x000002a25d52a7d0 JavaThread "Daemon Thread 5" [_thread_blocked, id=115432, stack(0x000000ce58b00000,0x000000ce58c00000)]

Other Threads:
  0x000002a25be5d3d0 VMThread "VM Thread" [stack: 0x000000ce59400000,0x000000ce59500000] [id=110976]
  0x000002a25c908ae0 WatcherThread [stack: 0x000000ce5a000000,0x000000ce5a100000] [id=111028]
  0x000002a23fc62310 GCTaskThread "GC Thread#0" [stack: 0x000000ce58f00000,0x000000ce59000000] [id=110956]
  0x000002a25cbd0020 GCTaskThread "GC Thread#1" [stack: 0x000000ce5a100000,0x000000ce5a200000] [id=111044]
  0x000002a25cea3830 GCTaskThread "GC Thread#2" [stack: 0x000000ce5a200000,0x000000ce5a300000] [id=111048]
  0x000002a25cfbbcc0 GCTaskThread "GC Thread#3" [stack: 0x000000ce5a300000,0x000000ce5a400000] [id=111052]
  0x000002a23fc67250 ConcurrentGCThread "G1 Main Marker" [stack: 0x000000ce59000000,0x000000ce59100000] [id=110960]
  0x000002a23fc694b0 ConcurrentGCThread "G1 Conc#0" [stack: 0x000000ce59100000,0x000000ce59200000] [id=110964]
  0x000002a23fd0eba0 ConcurrentGCThread "G1 Refine#0" [stack: 0x000000ce59200000,0x000000ce59300000] [id=110968]
  0x000002a25efd53e0 ConcurrentGCThread "G1 Refine#1" [stack: 0x000000ce5be00000,0x000000ce5bf00000] [id=111368]
  0x000002a25d6c1c80 ConcurrentGCThread "G1 Refine#2" [stack: 0x000000ce5d300000,0x000000ce5d400000] [id=109636]
  0x000002a25bd20790 ConcurrentGCThread "G1 Service" [stack: 0x000000ce59300000,0x000000ce59400000] [id=110972]

Threads with active compile tasks:
C2 CompilerThread0   536823 6612       4       java.util.ComparableTimSort::sort (219 bytes)

VM state: not at safepoint (normal execution)

VM Mutex/Monitor currently owned by a thread: None

Heap address: 0x00000000e0000000, size: 512 MB, Compressed Oops mode: 32-bit

CDS archive(s) mapped at: [0x0000000800000000-0x0000000800bc0000-0x0000000800bc0000), size 12320768, SharedBaseAddress: 0x0000000800000000, ArchiveRelocationMode: 0.
Compressed class space mapped at: 0x0000000800c00000-0x000000080dc00000, reserved size: 218103808
Narrow klass base: 0x0000000800000000, Narrow klass shift: 0, Narrow klass range: 0x100000000

GC Precious Log:
 CPUs: 4 total, 4 available
 Memory: 3960M
 Large Page Support: Disabled
 NUMA Support: Disabled
 Compressed Oops: Enabled (32-bit)
 Heap Region Size: 1M
 Heap Min Capacity: 256M
 Heap Initial Capacity: 256M
 Heap Max Capacity: 512M
 Pre-touch: Disabled
 Parallel Workers: 4
 Concurrent Workers: 1
 Concurrent Refinement Workers: 4
 Periodic GC: Disabled

Heap:
 garbage-first heap   total 262144K, used 71455K [0x00000000e0000000, 0x0000000100000000)
  region size 1024K, 30 young (30720K), 2 survivors (2048K)
 Metaspace       used 57500K, committed 58112K, reserved 270336K
  class space    used 8163K, committed 8448K, reserved 212992K

Heap Regions: E=young(eden), S=young(survivor), O=old, HS=humongous(starts), HC=humongous(continues), CS=collection set, F=free, OA=open archive, CA=closed archive, TAMS=top-at-mark-start (previous, next)
|   0|0x00000000e0000000, 0x00000000e0100000, 0x00000000e0100000|100%| O|  |TAMS 0x00000000e0100000, 0x00000000e0000000| Untracked 
|   1|0x00000000e0100000, 0x00000000e0200000, 0x00000000e0200000|100%| O|  |TAMS 0x00000000e0200000, 0x00000000e0100000| Untracked 
|   2|0x00000000e0200000, 0x00000000e0300000, 0x00000000e0300000|100%|HS|  |TAMS 0x00000000e0300000, 0x00000000e0200000| Complete 
|   3|0x00000000e0300000, 0x00000000e0400000, 0x00000000e0400000|100%|HC|  |TAMS 0x00000000e0400000, 0x00000000e0300000| Complete 
|   4|0x00000000e0400000, 0x00000000e0500000, 0x00000000e0500000|100%|HC|  |TAMS 0x00000000e0500000, 0x00000000e0400000| Complete 
|   5|0x00000000e0500000, 0x00000000e0600000, 0x00000000e0600000|100%|HC|  |TAMS 0x00000000e0600000, 0x00000000e0500000| Complete 
|   6|0x00000000e0600000, 0x00000000e0700000, 0x00000000e0700000|100%| O|  |TAMS 0x00000000e0700000, 0x00000000e0600000| Untracked 
|   7|0x00000000e0700000, 0x00000000e0800000, 0x00000000e0800000|100%| O|  |TAMS 0x00000000e0800000, 0x00000000e0700000| Untracked 
|   8|0x00000000e0800000, 0x00000000e0900000, 0x00000000e0900000|100%| O|  |TAMS 0x00000000e0900000, 0x00000000e0800000| Untracked 
|   9|0x00000000e0900000, 0x00000000e0a00000, 0x00000000e0a00000|100%| O|  |TAMS 0x00000000e0900000, 0x00000000e0900000| Untracked 
|  10|0x00000000e0a00000, 0x00000000e0b00000, 0x00000000e0b00000|100%| O|  |TAMS 0x00000000e0b00000, 0x00000000e0a00000| Untracked 
|  11|0x00000000e0b00000, 0x00000000e0c00000, 0x00000000e0c00000|100%| O|  |TAMS 0x00000000e0c00000, 0x00000000e0b00000| Untracked 
|  12|0x00000000e0c00000, 0x00000000e0d00000, 0x00000000e0d00000|100%| O|  |TAMS 0x00000000e0d00000, 0x00000000e0c00000| Untracked 
|  13|0x00000000e0d00000, 0x00000000e0e00000, 0x00000000e0e00000|100%| O|  |TAMS 0x00000000e0e00000, 0x00000000e0d00000| Untracked 
|  14|0x00000000e0e00000, 0x00000000e0f00000, 0x00000000e0f00000|100%| O|  |TAMS 0x00000000e0e00000, 0x00000000e0e00000| Untracked 
|  15|0x00000000e0f00000, 0x00000000e0f00000, 0x00000000e1000000|  0%| F|  |TAMS 0x00000000e0f00000, 0x00000000e0f00000| Untracked 
|  16|0x00000000e1000000, 0x00000000e1100000, 0x00000000e1100000|100%| O|  |TAMS 0x00000000e1100000, 0x00000000e1000000| Untracked 
|  17|0x00000000e1100000, 0x00000000e1200000, 0x00000000e1200000|100%| O|  |TAMS 0x00000000e1200000, 0x00000000e1100000| Untracked 
|  18|0x00000000e1200000, 0x00000000e1300000, 0x00000000e1300000|100%| O|  |TAMS 0x00000000e1300000, 0x00000000e1200000| Untracked 
|  19|0x00000000e1300000, 0x00000000e1400000, 0x00000000e1400000|100%| O|  |TAMS 0x00000000e1400000, 0x00000000e1300000| Untracked 
|  20|0x00000000e1400000, 0x00000000e1500000, 0x00000000e1500000|100%| O|  |TAMS 0x00000000e1500000, 0x00000000e1400000| Untracked 
|  21|0x00000000e1500000, 0x00000000e1600000, 0x00000000e1600000|100%| O|  |TAMS 0x00000000e1600000, 0x00000000e1500000| Untracked 
|  22|0x00000000e1600000, 0x00000000e1700000, 0x00000000e1700000|100%| O|  |TAMS 0x00000000e1700000, 0x00000000e1600000| Untracked 
|  23|0x00000000e1700000, 0x00000000e1800000, 0x00000000e1800000|100%| O|  |TAMS 0x00000000e1800000, 0x00000000e1700000| Untracked 
|  24|0x00000000e1800000, 0x00000000e1900000, 0x00000000e1900000|100%| O|  |TAMS 0x00000000e1900000, 0x00000000e1800000| Untracked 
|  25|0x00000000e1900000, 0x00000000e1a00000, 0x00000000e1a00000|100%| O|  |TAMS 0x00000000e1a00000, 0x00000000e1900000| Untracked 
|  26|0x00000000e1a00000, 0x00000000e1b00000, 0x00000000e1b00000|100%| O|  |TAMS 0x00000000e1b00000, 0x00000000e1a00000| Untracked 
|  27|0x00000000e1b00000, 0x00000000e1c00000, 0x00000000e1c00000|100%| O|  |TAMS 0x00000000e1c00000, 0x00000000e1b00000| Untracked 
|  28|0x00000000e1c00000, 0x00000000e1d00000, 0x00000000e1d00000|100%| O|  |TAMS 0x00000000e1d00000, 0x00000000e1c00000| Untracked 
|  29|0x00000000e1d00000, 0x00000000e1e00000, 0x00000000e1e00000|100%| O|  |TAMS 0x00000000e1e00000, 0x00000000e1d00000| Untracked 
|  30|0x00000000e1e00000, 0x00000000e1f00000, 0x00000000e1f00000|100%| O|  |TAMS 0x00000000e1f00000, 0x00000000e1e00000| Untracked 
|  31|0x00000000e1f00000, 0x00000000e2000000, 0x00000000e2000000|100%| O|  |TAMS 0x00000000e1f86600, 0x00000000e1f00000| Untracked 
|  32|0x00000000e2000000, 0x00000000e2100000, 0x00000000e2100000|100%| O|  |TAMS 0x00000000e2000000, 0x00000000e2000000| Untracked 
|  33|0x00000000e2100000, 0x00000000e2200000, 0x00000000e2200000|100%| O|  |TAMS 0x00000000e2100000, 0x00000000e2100000| Untracked 
|  34|0x00000000e2200000, 0x00000000e2300000, 0x00000000e2300000|100%| O|  |TAMS 0x00000000e2200000, 0x00000000e2200000| Untracked 
|  35|0x00000000e2300000, 0x00000000e2400000, 0x00000000e2400000|100%| O|  |TAMS 0x00000000e2300000, 0x00000000e2300000| Untracked 
|  36|0x00000000e2400000, 0x00000000e2500000, 0x00000000e2500000|100%| O|  |TAMS 0x00000000e2400000, 0x00000000e2400000| Untracked 
|  37|0x00000000e2500000, 0x00000000e2600000, 0x00000000e2600000|100%| O|  |TAMS 0x00000000e2500000, 0x00000000e2500000| Untracked 
|  38|0x00000000e2600000, 0x00000000e2700000, 0x00000000e2700000|100%| O|  |TAMS 0x00000000e2600000, 0x00000000e2600000| Untracked 
|  39|0x00000000e2700000, 0x00000000e2800000, 0x00000000e2800000|100%| O|  |TAMS 0x00000000e2700000, 0x00000000e2700000| Untracked 
|  40|0x00000000e2800000, 0x00000000e2900000, 0x00000000e2900000|100%| O|  |TAMS 0x00000000e2800000, 0x00000000e2800000| Untracked 
|  41|0x00000000e2900000, 0x00000000e2a00000, 0x00000000e2a00000|100%| O|  |TAMS 0x00000000e2900000, 0x00000000e2900000| Untracked 
|  42|0x00000000e2a00000, 0x00000000e2a58000, 0x00000000e2b00000| 34%| O|  |TAMS 0x00000000e2a00000, 0x00000000e2a00000| Untracked 
|  43|0x00000000e2b00000, 0x00000000e2b00000, 0x00000000e2c00000|  0%| F|  |TAMS 0x00000000e2b00000, 0x00000000e2b00000| Untracked 
|  44|0x00000000e2c00000, 0x00000000e2c00000, 0x00000000e2d00000|  0%| F|  |TAMS 0x00000000e2c00000, 0x00000000e2c00000| Untracked 
|  45|0x00000000e2d00000, 0x00000000e2d00000, 0x00000000e2e00000|  0%| F|  |TAMS 0x00000000e2d00000, 0x00000000e2d00000| Untracked 
|  46|0x00000000e2e00000, 0x00000000e2e00000, 0x00000000e2f00000|  0%| F|  |TAMS 0x00000000e2e00000, 0x00000000e2e00000| Untracked 
|  47|0x00000000e2f00000, 0x00000000e2f00000, 0x00000000e3000000|  0%| F|  |TAMS 0x00000000e2f00000, 0x00000000e2f00000| Untracked 
|  48|0x00000000e3000000, 0x00000000e3000000, 0x00000000e3100000|  0%| F|  |TAMS 0x00000000e3000000, 0x00000000e3000000| Untracked 
|  49|0x00000000e3100000, 0x00000000e3100000, 0x00000000e3200000|  0%| F|  |TAMS 0x00000000e3100000, 0x00000000e3100000| Untracked 
|  50|0x00000000e3200000, 0x00000000e3200000, 0x00000000e3300000|  0%| F|  |TAMS 0x00000000e3200000, 0x00000000e3200000| Untracked 
|  51|0x00000000e3300000, 0x00000000e3300000, 0x00000000e3400000|  0%| F|  |TAMS 0x00000000e3300000, 0x00000000e3300000| Untracked 
|  52|0x00000000e3400000, 0x00000000e3400000, 0x00000000e3500000|  0%| F|  |TAMS 0x00000000e3400000, 0x00000000e3400000| Untracked 
|  53|0x00000000e3500000, 0x00000000e3500000, 0x00000000e3600000|  0%| F|  |TAMS 0x00000000e3500000, 0x00000000e3500000| Untracked 
|  54|0x00000000e3600000, 0x00000000e3600000, 0x00000000e3700000|  0%| F|  |TAMS 0x00000000e3600000, 0x00000000e3600000| Untracked 
|  55|0x00000000e3700000, 0x00000000e3700000, 0x00000000e3800000|  0%| F|  |TAMS 0x00000000e3700000, 0x00000000e3700000| Untracked 
|  56|0x00000000e3800000, 0x00000000e3800000, 0x00000000e3900000|  0%| F|  |TAMS 0x00000000e3800000, 0x00000000e3800000| Untracked 
|  57|0x00000000e3900000, 0x00000000e3900000, 0x00000000e3a00000|  0%| F|  |TAMS 0x00000000e3900000, 0x00000000e3900000| Untracked 
|  58|0x00000000e3a00000, 0x00000000e3a00000, 0x00000000e3b00000|  0%| F|  |TAMS 0x00000000e3a00000, 0x00000000e3a00000| Untracked 
|  59|0x00000000e3b00000, 0x00000000e3b00000, 0x00000000e3c00000|  0%| F|  |TAMS 0x00000000e3b00000, 0x00000000e3b00000| Untracked 
|  60|0x00000000e3c00000, 0x00000000e3c00000, 0x00000000e3d00000|  0%| F|  |TAMS 0x00000000e3c00000, 0x00000000e3c00000| Untracked 
|  61|0x00000000e3d00000, 0x00000000e3d00000, 0x00000000e3e00000|  0%| F|  |TAMS 0x00000000e3d00000, 0x00000000e3d00000| Untracked 
|  62|0x00000000e3e00000, 0x00000000e3e00000, 0x00000000e3f00000|  0%| F|  |TAMS 0x00000000e3e00000, 0x00000000e3e00000| Untracked 
|  63|0x00000000e3f00000, 0x00000000e3f00000, 0x00000000e4000000|  0%| F|  |TAMS 0x00000000e3f00000, 0x00000000e3f00000| Untracked 
|  64|0x00000000e4000000, 0x00000000e4000000, 0x00000000e4100000|  0%| F|  |TAMS 0x00000000e4000000, 0x00000000e4000000| Untracked 
|  65|0x00000000e4100000, 0x00000000e4100000, 0x00000000e4200000|  0%| F|  |TAMS 0x00000000e4100000, 0x00000000e4100000| Untracked 
|  66|0x00000000e4200000, 0x00000000e4200000, 0x00000000e4300000|  0%| F|  |TAMS 0x00000000e4200000, 0x00000000e4200000| Untracked 
|  67|0x00000000e4300000, 0x00000000e4300000, 0x00000000e4400000|  0%| F|  |TAMS 0x00000000e4300000, 0x00000000e4300000| Untracked 
|  68|0x00000000e4400000, 0x00000000e4400000, 0x00000000e4500000|  0%| F|  |TAMS 0x00000000e4400000, 0x00000000e4400000| Untracked 
|  69|0x00000000e4500000, 0x00000000e4500000, 0x00000000e4600000|  0%| F|  |TAMS 0x00000000e4500000, 0x00000000e4500000| Untracked 
|  70|0x00000000e4600000, 0x00000000e4600000, 0x00000000e4700000|  0%| F|  |TAMS 0x00000000e4600000, 0x00000000e4600000| Untracked 
|  71|0x00000000e4700000, 0x00000000e4700000, 0x00000000e4800000|  0%| F|  |TAMS 0x00000000e4700000, 0x00000000e4700000| Untracked 
|  72|0x00000000e4800000, 0x00000000e4800000, 0x00000000e4900000|  0%| F|  |TAMS 0x00000000e4800000, 0x00000000e4800000| Untracked 
|  73|0x00000000e4900000, 0x00000000e4900000, 0x00000000e4a00000|  0%| F|  |TAMS 0x00000000e4900000, 0x00000000e4900000| Untracked 
|  74|0x00000000e4a00000, 0x00000000e4a00000, 0x00000000e4b00000|  0%| F|  |TAMS 0x00000000e4a00000, 0x00000000e4a00000| Untracked 
|  75|0x00000000e4b00000, 0x00000000e4b00000, 0x00000000e4c00000|  0%| F|  |TAMS 0x00000000e4b00000, 0x00000000e4b00000| Untracked 
|  76|0x00000000e4c00000, 0x00000000e4c00000, 0x00000000e4d00000|  0%| F|  |TAMS 0x00000000e4c00000, 0x00000000e4c00000| Untracked 
|  77|0x00000000e4d00000, 0x00000000e4d00000, 0x00000000e4e00000|  0%| F|  |TAMS 0x00000000e4d00000, 0x00000000e4d00000| Untracked 
|  78|0x00000000e4e00000, 0x00000000e4e00000, 0x00000000e4f00000|  0%| F|  |TAMS 0x00000000e4e00000, 0x00000000e4e00000| Untracked 
|  79|0x00000000e4f00000, 0x00000000e4f00000, 0x00000000e5000000|  0%| F|  |TAMS 0x00000000e4f00000, 0x00000000e4f00000| Untracked 
|  80|0x00000000e5000000, 0x00000000e5000000, 0x00000000e5100000|  0%| F|  |TAMS 0x00000000e5000000, 0x00000000e5000000| Untracked 
|  81|0x00000000e5100000, 0x00000000e5100000, 0x00000000e5200000|  0%| F|  |TAMS 0x00000000e5100000, 0x00000000e5100000| Untracked 
|  82|0x00000000e5200000, 0x00000000e5200000, 0x00000000e5300000|  0%| F|  |TAMS 0x00000000e5200000, 0x00000000e5200000| Untracked 
|  83|0x00000000e5300000, 0x00000000e5300000, 0x00000000e5400000|  0%| F|  |TAMS 0x00000000e5300000, 0x00000000e5300000| Untracked 
|  84|0x00000000e5400000, 0x00000000e5400000, 0x00000000e5500000|  0%| F|  |TAMS 0x00000000e5400000, 0x00000000e5400000| Untracked 
|  85|0x00000000e5500000, 0x00000000e5500000, 0x00000000e5600000|  0%| F|  |TAMS 0x00000000e5500000, 0x00000000e5500000| Untracked 
|  86|0x00000000e5600000, 0x00000000e5600000, 0x00000000e5700000|  0%| F|  |TAMS 0x00000000e5600000, 0x00000000e5600000| Untracked 
|  87|0x00000000e5700000, 0x00000000e5700000, 0x00000000e5800000|  0%| F|  |TAMS 0x00000000e5700000, 0x00000000e5700000| Untracked 
|  88|0x00000000e5800000, 0x00000000e5800000, 0x00000000e5900000|  0%| F|  |TAMS 0x00000000e5800000, 0x00000000e5800000| Untracked 
|  89|0x00000000e5900000, 0x00000000e5900000, 0x00000000e5a00000|  0%| F|  |TAMS 0x00000000e5900000, 0x00000000e5900000| Untracked 
|  90|0x00000000e5a00000, 0x00000000e5a00000, 0x00000000e5b00000|  0%| F|  |TAMS 0x00000000e5a00000, 0x00000000e5a00000| Untracked 
|  91|0x00000000e5b00000, 0x00000000e5b00000, 0x00000000e5c00000|  0%| F|  |TAMS 0x00000000e5b00000, 0x00000000e5b00000| Untracked 
|  92|0x00000000e5c00000, 0x00000000e5c00000, 0x00000000e5d00000|  0%| F|  |TAMS 0x00000000e5c00000, 0x00000000e5c00000| Untracked 
|  93|0x00000000e5d00000, 0x00000000e5d00000, 0x00000000e5e00000|  0%| F|  |TAMS 0x00000000e5d00000, 0x00000000e5d00000| Untracked 
|  94|0x00000000e5e00000, 0x00000000e5e00000, 0x00000000e5f00000|  0%| F|  |TAMS 0x00000000e5e00000, 0x00000000e5e00000| Untracked 
|  95|0x00000000e5f00000, 0x00000000e5f00000, 0x00000000e6000000|  0%| F|  |TAMS 0x00000000e5f00000, 0x00000000e5f00000| Untracked 
|  96|0x00000000e6000000, 0x00000000e6000000, 0x00000000e6100000|  0%| F|  |TAMS 0x00000000e6000000, 0x00000000e6000000| Untracked 
|  97|0x00000000e6100000, 0x00000000e6100000, 0x00000000e6200000|  0%| F|  |TAMS 0x00000000e6100000, 0x00000000e6100000| Untracked 
|  98|0x00000000e6200000, 0x00000000e6200000, 0x00000000e6300000|  0%| F|  |TAMS 0x00000000e6200000, 0x00000000e6200000| Untracked 
|  99|0x00000000e6300000, 0x00000000e6300000, 0x00000000e6400000|  0%| F|  |TAMS 0x00000000e6300000, 0x00000000e6300000| Untracked 
| 100|0x00000000e6400000, 0x00000000e6400000, 0x00000000e6500000|  0%| F|  |TAMS 0x00000000e6400000, 0x00000000e6400000| Untracked 
| 101|0x00000000e6500000, 0x00000000e6500000, 0x00000000e6600000|  0%| F|  |TAMS 0x00000000e6500000, 0x00000000e6500000| Untracked 
| 102|0x00000000e6600000, 0x00000000e6600000, 0x00000000e6700000|  0%| F|  |TAMS 0x00000000e6600000, 0x00000000e6600000| Untracked 
| 103|0x00000000e6700000, 0x00000000e6700000, 0x00000000e6800000|  0%| F|  |TAMS 0x00000000e6700000, 0x00000000e6700000| Untracked 
| 104|0x00000000e6800000, 0x00000000e6800000, 0x00000000e6900000|  0%| F|  |TAMS 0x00000000e6800000, 0x00000000e6800000| Untracked 
| 105|0x00000000e6900000, 0x00000000e6900000, 0x00000000e6a00000|  0%| F|  |TAMS 0x00000000e6900000, 0x00000000e6900000| Untracked 
| 106|0x00000000e6a00000, 0x00000000e6a00000, 0x00000000e6b00000|  0%| F|  |TAMS 0x00000000e6a00000, 0x00000000e6a00000| Untracked 
| 107|0x00000000e6b00000, 0x00000000e6b00000, 0x00000000e6c00000|  0%| F|  |TAMS 0x00000000e6b00000, 0x00000000e6b00000| Untracked 
| 108|0x00000000e6c00000, 0x00000000e6c00000, 0x00000000e6d00000|  0%| F|  |TAMS 0x00000000e6c00000, 0x00000000e6c00000| Untracked 
| 109|0x00000000e6d00000, 0x00000000e6d00000, 0x00000000e6e00000|  0%| F|  |TAMS 0x00000000e6d00000, 0x00000000e6d00000| Untracked 
| 110|0x00000000e6e00000, 0x00000000e6e00000, 0x00000000e6f00000|  0%| F|  |TAMS 0x00000000e6e00000, 0x00000000e6e00000| Untracked 
| 111|0x00000000e6f00000, 0x00000000e6f00000, 0x00000000e7000000|  0%| F|  |TAMS 0x00000000e6f00000, 0x00000000e6f00000| Untracked 
| 112|0x00000000e7000000, 0x00000000e7000000, 0x00000000e7100000|  0%| F|  |TAMS 0x00000000e7000000, 0x00000000e7000000| Untracked 
| 113|0x00000000e7100000, 0x00000000e7100000, 0x00000000e7200000|  0%| F|  |TAMS 0x00000000e7100000, 0x00000000e7100000| Untracked 
| 114|0x00000000e7200000, 0x00000000e7200000, 0x00000000e7300000|  0%| F|  |TAMS 0x00000000e7200000, 0x00000000e7200000| Untracked 
| 115|0x00000000e7300000, 0x00000000e7300000, 0x00000000e7400000|  0%| F|  |TAMS 0x00000000e7300000, 0x00000000e7300000| Untracked 
| 116|0x00000000e7400000, 0x00000000e7400000, 0x00000000e7500000|  0%| F|  |TAMS 0x00000000e7400000, 0x00000000e7400000| Untracked 
| 117|0x00000000e7500000, 0x00000000e7500000, 0x00000000e7600000|  0%| F|  |TAMS 0x00000000e7500000, 0x00000000e7500000| Untracked 
| 118|0x00000000e7600000, 0x00000000e7600000, 0x00000000e7700000|  0%| F|  |TAMS 0x00000000e7600000, 0x00000000e7600000| Untracked 
| 119|0x00000000e7700000, 0x00000000e7700000, 0x00000000e7800000|  0%| F|  |TAMS 0x00000000e7700000, 0x00000000e7700000| Untracked 
| 120|0x00000000e7800000, 0x00000000e7800000, 0x00000000e7900000|  0%| F|  |TAMS 0x00000000e7800000, 0x00000000e7800000| Untracked 
| 121|0x00000000e7900000, 0x00000000e7900000, 0x00000000e7a00000|  0%| F|  |TAMS 0x00000000e7900000, 0x00000000e7900000| Untracked 
| 122|0x00000000e7a00000, 0x00000000e7a00000, 0x00000000e7b00000|  0%| F|  |TAMS 0x00000000e7a00000, 0x00000000e7a00000| Untracked 
| 123|0x00000000e7b00000, 0x00000000e7b00000, 0x00000000e7c00000|  0%| F|  |TAMS 0x00000000e7b00000, 0x00000000e7b00000| Untracked 
| 124|0x00000000e7c00000, 0x00000000e7c00000, 0x00000000e7d00000|  0%| F|  |TAMS 0x00000000e7c00000, 0x00000000e7c00000| Untracked 
| 125|0x00000000e7d00000, 0x00000000e7d00000, 0x00000000e7e00000|  0%| F|  |TAMS 0x00000000e7d00000, 0x00000000e7d00000| Untracked 
| 126|0x00000000e7e00000, 0x00000000e7e00000, 0x00000000e7f00000|  0%| F|  |TAMS 0x00000000e7e00000, 0x00000000e7e00000| Untracked 
| 127|0x00000000e7f00000, 0x00000000e7f00000, 0x00000000e8000000|  0%| F|  |TAMS 0x00000000e7f00000, 0x00000000e7f00000| Untracked 
| 128|0x00000000e8000000, 0x00000000e8000000, 0x00000000e8100000|  0%| F|  |TAMS 0x00000000e8000000, 0x00000000e8000000| Untracked 
| 129|0x00000000e8100000, 0x00000000e8100000, 0x00000000e8200000|  0%| F|  |TAMS 0x00000000e8100000, 0x00000000e8100000| Untracked 
| 130|0x00000000e8200000, 0x00000000e8200000, 0x00000000e8300000|  0%| F|  |TAMS 0x00000000e8200000, 0x00000000e8200000| Untracked 
| 131|0x00000000e8300000, 0x00000000e8300000, 0x00000000e8400000|  0%| F|  |TAMS 0x00000000e8300000, 0x00000000e8300000| Untracked 
| 132|0x00000000e8400000, 0x00000000e8400000, 0x00000000e8500000|  0%| F|  |TAMS 0x00000000e8400000, 0x00000000e8400000| Untracked 
| 133|0x00000000e8500000, 0x00000000e8500000, 0x00000000e8600000|  0%| F|  |TAMS 0x00000000e8500000, 0x00000000e8500000| Untracked 
| 134|0x00000000e8600000, 0x00000000e8600000, 0x00000000e8700000|  0%| F|  |TAMS 0x00000000e8600000, 0x00000000e8600000| Untracked 
| 135|0x00000000e8700000, 0x00000000e8700000, 0x00000000e8800000|  0%| F|  |TAMS 0x00000000e8700000, 0x00000000e8700000| Untracked 
| 136|0x00000000e8800000, 0x00000000e8800000, 0x00000000e8900000|  0%| F|  |TAMS 0x00000000e8800000, 0x00000000e8800000| Untracked 
| 137|0x00000000e8900000, 0x00000000e8900000, 0x00000000e8a00000|  0%| F|  |TAMS 0x00000000e8900000, 0x00000000e8900000| Untracked 
| 138|0x00000000e8a00000, 0x00000000e8a00000, 0x00000000e8b00000|  0%| F|  |TAMS 0x00000000e8a00000, 0x00000000e8a00000| Untracked 
| 139|0x00000000e8b00000, 0x00000000e8b00000, 0x00000000e8c00000|  0%| F|  |TAMS 0x00000000e8b00000, 0x00000000e8b00000| Untracked 
| 140|0x00000000e8c00000, 0x00000000e8c00000, 0x00000000e8d00000|  0%| F|  |TAMS 0x00000000e8c00000, 0x00000000e8c00000| Untracked 
| 141|0x00000000e8d00000, 0x00000000e8d00000, 0x00000000e8e00000|  0%| F|  |TAMS 0x00000000e8d00000, 0x00000000e8d00000| Untracked 
| 142|0x00000000e8e00000, 0x00000000e8e00000, 0x00000000e8f00000|  0%| F|  |TAMS 0x00000000e8e00000, 0x00000000e8e00000| Untracked 
| 143|0x00000000e8f00000, 0x00000000e8f00000, 0x00000000e9000000|  0%| F|  |TAMS 0x00000000e8f00000, 0x00000000e8f00000| Untracked 
| 144|0x00000000e9000000, 0x00000000e9000000, 0x00000000e9100000|  0%| F|  |TAMS 0x00000000e9000000, 0x00000000e9000000| Untracked 
| 145|0x00000000e9100000, 0x00000000e9100000, 0x00000000e9200000|  0%| F|  |TAMS 0x00000000e9100000, 0x00000000e9100000| Untracked 
| 146|0x00000000e9200000, 0x00000000e9200000, 0x00000000e9300000|  0%| F|  |TAMS 0x00000000e9200000, 0x00000000e9200000| Untracked 
| 147|0x00000000e9300000, 0x00000000e9300000, 0x00000000e9400000|  0%| F|  |TAMS 0x00000000e9300000, 0x00000000e9300000| Untracked 
| 148|0x00000000e9400000, 0x00000000e9400000, 0x00000000e9500000|  0%| F|  |TAMS 0x00000000e9400000, 0x00000000e9400000| Untracked 
| 149|0x00000000e9500000, 0x00000000e9500000, 0x00000000e9600000|  0%| F|  |TAMS 0x00000000e9500000, 0x00000000e9500000| Untracked 
| 150|0x00000000e9600000, 0x00000000e9600000, 0x00000000e9700000|  0%| F|  |TAMS 0x00000000e9600000, 0x00000000e9600000| Untracked 
| 151|0x00000000e9700000, 0x00000000e9700000, 0x00000000e9800000|  0%| F|  |TAMS 0x00000000e9700000, 0x00000000e9700000| Untracked 
| 152|0x00000000e9800000, 0x00000000e9800000, 0x00000000e9900000|  0%| F|  |TAMS 0x00000000e9800000, 0x00000000e9800000| Untracked 
| 153|0x00000000e9900000, 0x00000000e9900000, 0x00000000e9a00000|  0%| F|  |TAMS 0x00000000e9900000, 0x00000000e9900000| Untracked 
| 154|0x00000000e9a00000, 0x00000000e9a00000, 0x00000000e9b00000|  0%| F|  |TAMS 0x00000000e9a00000, 0x00000000e9a00000| Untracked 
| 155|0x00000000e9b00000, 0x00000000e9b00000, 0x00000000e9c00000|  0%| F|  |TAMS 0x00000000e9b00000, 0x00000000e9b00000| Untracked 
| 156|0x00000000e9c00000, 0x00000000e9c00000, 0x00000000e9d00000|  0%| F|  |TAMS 0x00000000e9c00000, 0x00000000e9c00000| Untracked 
| 157|0x00000000e9d00000, 0x00000000e9d00000, 0x00000000e9e00000|  0%| F|  |TAMS 0x00000000e9d00000, 0x00000000e9d00000| Untracked 
| 158|0x00000000e9e00000, 0x00000000e9e00000, 0x00000000e9f00000|  0%| F|  |TAMS 0x00000000e9e00000, 0x00000000e9e00000| Untracked 
| 159|0x00000000e9f00000, 0x00000000e9f00000, 0x00000000ea000000|  0%| F|  |TAMS 0x00000000e9f00000, 0x00000000e9f00000| Untracked 
| 160|0x00000000ea000000, 0x00000000ea000000, 0x00000000ea100000|  0%| F|  |TAMS 0x00000000ea000000, 0x00000000ea000000| Untracked 
| 161|0x00000000ea100000, 0x00000000ea100000, 0x00000000ea200000|  0%| F|  |TAMS 0x00000000ea100000, 0x00000000ea100000| Untracked 
| 162|0x00000000ea200000, 0x00000000ea200000, 0x00000000ea300000|  0%| F|  |TAMS 0x00000000ea200000, 0x00000000ea200000| Untracked 
| 163|0x00000000ea300000, 0x00000000ea300000, 0x00000000ea400000|  0%| F|  |TAMS 0x00000000ea300000, 0x00000000ea300000| Untracked 
| 164|0x00000000ea400000, 0x00000000ea400000, 0x00000000ea500000|  0%| F|  |TAMS 0x00000000ea400000, 0x00000000ea400000| Untracked 
| 165|0x00000000ea500000, 0x00000000ea500000, 0x00000000ea600000|  0%| F|  |TAMS 0x00000000ea500000, 0x00000000ea500000| Untracked 
| 166|0x00000000ea600000, 0x00000000ea600000, 0x00000000ea700000|  0%| F|  |TAMS 0x00000000ea600000, 0x00000000ea600000| Untracked 
| 167|0x00000000ea700000, 0x00000000ea700000, 0x00000000ea800000|  0%| F|  |TAMS 0x00000000ea700000, 0x00000000ea700000| Untracked 
| 168|0x00000000ea800000, 0x00000000ea800000, 0x00000000ea900000|  0%| F|  |TAMS 0x00000000ea800000, 0x00000000ea800000| Untracked 
| 169|0x00000000ea900000, 0x00000000ea900000, 0x00000000eaa00000|  0%| F|  |TAMS 0x00000000ea900000, 0x00000000ea900000| Untracked 
| 170|0x00000000eaa00000, 0x00000000eaa00000, 0x00000000eab00000|  0%| F|  |TAMS 0x00000000eaa00000, 0x00000000eaa00000| Untracked 
| 171|0x00000000eab00000, 0x00000000eab00000, 0x00000000eac00000|  0%| F|  |TAMS 0x00000000eab00000, 0x00000000eab00000| Untracked 
| 172|0x00000000eac00000, 0x00000000eac00000, 0x00000000ead00000|  0%| F|  |TAMS 0x00000000eac00000, 0x00000000eac00000| Untracked 
| 173|0x00000000ead00000, 0x00000000ead00000, 0x00000000eae00000|  0%| F|  |TAMS 0x00000000ead00000, 0x00000000ead00000| Untracked 
| 174|0x00000000eae00000, 0x00000000eae00000, 0x00000000eaf00000|  0%| F|  |TAMS 0x00000000eae00000, 0x00000000eae00000| Untracked 
| 175|0x00000000eaf00000, 0x00000000eaf00000, 0x00000000eb000000|  0%| F|  |TAMS 0x00000000eaf00000, 0x00000000eaf00000| Untracked 
| 176|0x00000000eb000000, 0x00000000eb000000, 0x00000000eb100000|  0%| F|  |TAMS 0x00000000eb000000, 0x00000000eb000000| Untracked 
| 177|0x00000000eb100000, 0x00000000eb100000, 0x00000000eb200000|  0%| F|  |TAMS 0x00000000eb100000, 0x00000000eb100000| Untracked 
| 178|0x00000000eb200000, 0x00000000eb200000, 0x00000000eb300000|  0%| F|  |TAMS 0x00000000eb200000, 0x00000000eb200000| Untracked 
| 179|0x00000000eb300000, 0x00000000eb300000, 0x00000000eb400000|  0%| F|  |TAMS 0x00000000eb300000, 0x00000000eb300000| Untracked 
| 180|0x00000000eb400000, 0x00000000eb400000, 0x00000000eb500000|  0%| F|  |TAMS 0x00000000eb400000, 0x00000000eb400000| Untracked 
| 181|0x00000000eb500000, 0x00000000eb500000, 0x00000000eb600000|  0%| F|  |TAMS 0x00000000eb500000, 0x00000000eb500000| Untracked 
| 182|0x00000000eb600000, 0x00000000eb600000, 0x00000000eb700000|  0%| F|  |TAMS 0x00000000eb600000, 0x00000000eb600000| Untracked 
| 183|0x00000000eb700000, 0x00000000eb700000, 0x00000000eb800000|  0%| F|  |TAMS 0x00000000eb700000, 0x00000000eb700000| Untracked 
| 184|0x00000000eb800000, 0x00000000eb800000, 0x00000000eb900000|  0%| F|  |TAMS 0x00000000eb800000, 0x00000000eb800000| Untracked 
| 185|0x00000000eb900000, 0x00000000eb900000, 0x00000000eba00000|  0%| F|  |TAMS 0x00000000eb900000, 0x00000000eb900000| Untracked 
| 186|0x00000000eba00000, 0x00000000eba00000, 0x00000000ebb00000|  0%| F|  |TAMS 0x00000000eba00000, 0x00000000eba00000| Untracked 
| 187|0x00000000ebb00000, 0x00000000ebb00000, 0x00000000ebc00000|  0%| F|  |TAMS 0x00000000ebb00000, 0x00000000ebb00000| Untracked 
| 188|0x00000000ebc00000, 0x00000000ebc00000, 0x00000000ebd00000|  0%| F|  |TAMS 0x00000000ebc00000, 0x00000000ebc00000| Untracked 
| 189|0x00000000ebd00000, 0x00000000ebd00000, 0x00000000ebe00000|  0%| F|  |TAMS 0x00000000ebd00000, 0x00000000ebd00000| Untracked 
| 190|0x00000000ebe00000, 0x00000000ebe00000, 0x00000000ebf00000|  0%| F|  |TAMS 0x00000000ebe00000, 0x00000000ebe00000| Untracked 
| 191|0x00000000ebf00000, 0x00000000ebf00000, 0x00000000ec000000|  0%| F|  |TAMS 0x00000000ebf00000, 0x00000000ebf00000| Untracked 
| 192|0x00000000ec000000, 0x00000000ec000000, 0x00000000ec100000|  0%| F|  |TAMS 0x00000000ec000000, 0x00000000ec000000| Untracked 
| 193|0x00000000ec100000, 0x00000000ec100000, 0x00000000ec200000|  0%| F|  |TAMS 0x00000000ec100000, 0x00000000ec100000| Untracked 
| 194|0x00000000ec200000, 0x00000000ec200000, 0x00000000ec300000|  0%| F|  |TAMS 0x00000000ec200000, 0x00000000ec200000| Untracked 
| 195|0x00000000ec300000, 0x00000000ec300000, 0x00000000ec400000|  0%| F|  |TAMS 0x00000000ec300000, 0x00000000ec300000| Untracked 
| 196|0x00000000ec400000, 0x00000000ec400000, 0x00000000ec500000|  0%| F|  |TAMS 0x00000000ec400000, 0x00000000ec400000| Untracked 
| 197|0x00000000ec500000, 0x00000000ec500000, 0x00000000ec600000|  0%| F|  |TAMS 0x00000000ec500000, 0x00000000ec500000| Untracked 
| 198|0x00000000ec600000, 0x00000000ec600000, 0x00000000ec700000|  0%| F|  |TAMS 0x00000000ec600000, 0x00000000ec600000| Untracked 
| 199|0x00000000ec700000, 0x00000000ec700000, 0x00000000ec800000|  0%| F|  |TAMS 0x00000000ec700000, 0x00000000ec700000| Untracked 
| 200|0x00000000ec800000, 0x00000000ec800000, 0x00000000ec900000|  0%| F|  |TAMS 0x00000000ec800000, 0x00000000ec800000| Untracked 
| 201|0x00000000ec900000, 0x00000000ec900000, 0x00000000eca00000|  0%| F|  |TAMS 0x00000000ec900000, 0x00000000ec900000| Untracked 
| 202|0x00000000eca00000, 0x00000000eca00000, 0x00000000ecb00000|  0%| F|  |TAMS 0x00000000eca00000, 0x00000000eca00000| Untracked 
| 203|0x00000000ecb00000, 0x00000000ecb00000, 0x00000000ecc00000|  0%| F|  |TAMS 0x00000000ecb00000, 0x00000000ecb00000| Untracked 
| 204|0x00000000ecc00000, 0x00000000ecc00000, 0x00000000ecd00000|  0%| F|  |TAMS 0x00000000ecc00000, 0x00000000ecc00000| Untracked 
| 205|0x00000000ecd00000, 0x00000000ecd00000, 0x00000000ece00000|  0%| F|  |TAMS 0x00000000ecd00000, 0x00000000ecd00000| Untracked 
| 206|0x00000000ece00000, 0x00000000ece00000, 0x00000000ecf00000|  0%| F|  |TAMS 0x00000000ece00000, 0x00000000ece00000| Untracked 
| 207|0x00000000ecf00000, 0x00000000ecf00000, 0x00000000ed000000|  0%| F|  |TAMS 0x00000000ecf00000, 0x00000000ecf00000| Untracked 
| 208|0x00000000ed000000, 0x00000000ed000000, 0x00000000ed100000|  0%| F|  |TAMS 0x00000000ed000000, 0x00000000ed000000| Untracked 
| 209|0x00000000ed100000, 0x00000000ed100000, 0x00000000ed200000|  0%| F|  |TAMS 0x00000000ed100000, 0x00000000ed100000| Untracked 
| 210|0x00000000ed200000, 0x00000000ed200000, 0x00000000ed300000|  0%| F|  |TAMS 0x00000000ed200000, 0x00000000ed200000| Untracked 
| 211|0x00000000ed300000, 0x00000000ed300000, 0x00000000ed400000|  0%| F|  |TAMS 0x00000000ed300000, 0x00000000ed300000| Untracked 
| 212|0x00000000ed400000, 0x00000000ed400000, 0x00000000ed500000|  0%| F|  |TAMS 0x00000000ed400000, 0x00000000ed400000| Untracked 
| 213|0x00000000ed500000, 0x00000000ed500000, 0x00000000ed600000|  0%| F|  |TAMS 0x00000000ed500000, 0x00000000ed500000| Untracked 
| 214|0x00000000ed600000, 0x00000000ed600000, 0x00000000ed700000|  0%| F|  |TAMS 0x00000000ed600000, 0x00000000ed600000| Untracked 
| 215|0x00000000ed700000, 0x00000000ed700000, 0x00000000ed800000|  0%| F|  |TAMS 0x00000000ed700000, 0x00000000ed700000| Untracked 
| 216|0x00000000ed800000, 0x00000000ed800000, 0x00000000ed900000|  0%| F|  |TAMS 0x00000000ed800000, 0x00000000ed800000| Untracked 
| 217|0x00000000ed900000, 0x00000000ed900000, 0x00000000eda00000|  0%| F|  |TAMS 0x00000000ed900000, 0x00000000ed900000| Untracked 
| 218|0x00000000eda00000, 0x00000000eda00000, 0x00000000edb00000|  0%| F|  |TAMS 0x00000000eda00000, 0x00000000eda00000| Untracked 
| 219|0x00000000edb00000, 0x00000000edb00000, 0x00000000edc00000|  0%| F|  |TAMS 0x00000000edb00000, 0x00000000edb00000| Untracked 
| 220|0x00000000edc00000, 0x00000000edc00000, 0x00000000edd00000|  0%| F|  |TAMS 0x00000000edc00000, 0x00000000edc00000| Untracked 
| 221|0x00000000edd00000, 0x00000000edd00000, 0x00000000ede00000|  0%| F|  |TAMS 0x00000000edd00000, 0x00000000edd00000| Untracked 
| 222|0x00000000ede00000, 0x00000000ede00000, 0x00000000edf00000|  0%| F|  |TAMS 0x00000000ede00000, 0x00000000ede00000| Untracked 
| 223|0x00000000edf00000, 0x00000000edf00000, 0x00000000ee000000|  0%| F|  |TAMS 0x00000000edf00000, 0x00000000edf00000| Untracked 
| 224|0x00000000ee000000, 0x00000000ee000000, 0x00000000ee100000|  0%| F|  |TAMS 0x00000000ee000000, 0x00000000ee000000| Untracked 
| 225|0x00000000ee100000, 0x00000000ee100000, 0x00000000ee200000|  0%| F|  |TAMS 0x00000000ee100000, 0x00000000ee100000| Untracked 
| 226|0x00000000ee200000, 0x00000000ee286c00, 0x00000000ee300000| 52%| E|  |TAMS 0x00000000ee200000, 0x00000000ee200000| Complete 
| 227|0x00000000ee300000, 0x00000000ee400000, 0x00000000ee400000|100%| E|CS|TAMS 0x00000000ee300000, 0x00000000ee300000| Complete 
| 228|0x00000000ee400000, 0x00000000ee500000, 0x00000000ee500000|100%| E|CS|TAMS 0x00000000ee400000, 0x00000000ee400000| Complete 
| 229|0x00000000ee500000, 0x00000000ee600000, 0x00000000ee600000|100%| E|CS|TAMS 0x00000000ee500000, 0x00000000ee500000| Complete 
| 230|0x00000000ee600000, 0x00000000ee700000, 0x00000000ee700000|100%| E|CS|TAMS 0x00000000ee600000, 0x00000000ee600000| Complete 
| 231|0x00000000ee700000, 0x00000000ee800000, 0x00000000ee800000|100%| E|CS|TAMS 0x00000000ee700000, 0x00000000ee700000| Complete 
| 232|0x00000000ee800000, 0x00000000ee900000, 0x00000000ee900000|100%| E|CS|TAMS 0x00000000ee800000, 0x00000000ee800000| Complete 
| 233|0x00000000ee900000, 0x00000000eea00000, 0x00000000eea00000|100%| E|CS|TAMS 0x00000000ee900000, 0x00000000ee900000| Complete 
| 234|0x00000000eea00000, 0x00000000eeb00000, 0x00000000eeb00000|100%| E|CS|TAMS 0x00000000eea00000, 0x00000000eea00000| Complete 
| 235|0x00000000eeb00000, 0x00000000eec00000, 0x00000000eec00000|100%| E|CS|TAMS 0x00000000eeb00000, 0x00000000eeb00000| Complete 
| 236|0x00000000eec00000, 0x00000000eed00000, 0x00000000eed00000|100%| E|CS|TAMS 0x00000000eec00000, 0x00000000eec00000| Complete 
| 237|0x00000000eed00000, 0x00000000eee00000, 0x00000000eee00000|100%| E|CS|TAMS 0x00000000eed00000, 0x00000000eed00000| Complete 
| 238|0x00000000eee00000, 0x00000000eef00000, 0x00000000eef00000|100%| E|CS|TAMS 0x00000000eee00000, 0x00000000eee00000| Complete 
| 239|0x00000000eef00000, 0x00000000ef000000, 0x00000000ef000000|100%| E|CS|TAMS 0x00000000eef00000, 0x00000000eef00000| Complete 
| 240|0x00000000ef000000, 0x00000000ef100000, 0x00000000ef100000|100%| E|CS|TAMS 0x00000000ef000000, 0x00000000ef000000| Complete 
| 241|0x00000000ef100000, 0x00000000ef200000, 0x00000000ef200000|100%| E|CS|TAMS 0x00000000ef100000, 0x00000000ef100000| Complete 
| 242|0x00000000ef200000, 0x00000000ef300000, 0x00000000ef300000|100%| E|CS|TAMS 0x00000000ef200000, 0x00000000ef200000| Complete 
| 243|0x00000000ef300000, 0x00000000ef400000, 0x00000000ef400000|100%| E|CS|TAMS 0x00000000ef300000, 0x00000000ef300000| Complete 
| 244|0x00000000ef400000, 0x00000000ef500000, 0x00000000ef500000|100%| E|CS|TAMS 0x00000000ef400000, 0x00000000ef400000| Complete 
| 245|0x00000000ef500000, 0x00000000ef600000, 0x00000000ef600000|100%| E|CS|TAMS 0x00000000ef500000, 0x00000000ef500000| Complete 
| 246|0x00000000ef600000, 0x00000000ef700000, 0x00000000ef700000|100%| E|CS|TAMS 0x00000000ef600000, 0x00000000ef600000| Complete 
| 247|0x00000000ef700000, 0x00000000ef800000, 0x00000000ef800000|100%| E|CS|TAMS 0x00000000ef700000, 0x00000000ef700000| Complete 
| 248|0x00000000ef800000, 0x00000000ef900000, 0x00000000ef900000|100%| E|CS|TAMS 0x00000000ef800000, 0x00000000ef800000| Complete 
| 249|0x00000000ef900000, 0x00000000efa00000, 0x00000000efa00000|100%| E|CS|TAMS 0x00000000ef900000, 0x00000000ef900000| Complete 
| 250|0x00000000efa00000, 0x00000000efb00000, 0x00000000efb00000|100%| E|CS|TAMS 0x00000000efa00000, 0x00000000efa00000| Complete 
| 251|0x00000000efb00000, 0x00000000efc00000, 0x00000000efc00000|100%| E|CS|TAMS 0x00000000efb00000, 0x00000000efb00000| Complete 
| 252|0x00000000efc00000, 0x00000000efd00000, 0x00000000efd00000|100%| E|CS|TAMS 0x00000000efc00000, 0x00000000efc00000| Complete 
| 253|0x00000000efd00000, 0x00000000efd6fee0, 0x00000000efe00000| 43%| S|CS|TAMS 0x00000000efd00000, 0x00000000efd00000| Complete 
| 254|0x00000000efe00000, 0x00000000eff00000, 0x00000000eff00000|100%| S|CS|TAMS 0x00000000efe00000, 0x00000000efe00000| Complete 
| 255|0x00000000eff00000, 0x00000000f0000000, 0x00000000f0000000|100%| E|CS|TAMS 0x00000000eff00000, 0x00000000eff00000| Complete 

Card table byte_map: [0x000002a258680000,0x000002a258780000] _byte_map_base: 0x000002a257f80000

Marking Bits (Prev, Next): (CMBitMap*) 0x000002a23fc62920, (CMBitMap*) 0x000002a23fc62960
 Prev Bits: [0x000002a258880000, 0x000002a259080000)
 Next Bits: [0x000002a259080000, 0x000002a259880000)

Polling page: 0x000002a23fd10000

Metaspace:

Usage:
  Non-class:     48.18 MB used.
      Class:      7.97 MB used.
       Both:     56.15 MB used.

Virtual space:
  Non-class space:       56.00 MB reserved,      48.50 MB ( 87%) committed,  7 nodes.
      Class space:      208.00 MB reserved,       8.25 MB (  4%) committed,  1 nodes.
             Both:      264.00 MB reserved,      56.75 MB ( 21%) committed. 

Chunk freelists:
   Non-Class:  3.23 MB
       Class:  3.66 MB
        Both:  6.89 MB

MaxMetaspaceSize: 256.00 MB
CompressedClassSpaceSize: 208.00 MB
Initial GC threshold: 21.00 MB
Current GC threshold: 59.81 MB
CDS: on
MetaspaceReclaimPolicy: balanced
 - commit_granule_bytes: 65536.
 - commit_granule_words: 8192.
 - virtual_space_node_default_size: 1048576.
 - enlarge_chunks_in_place: 1.
 - new_chunks_are_fully_committed: 0.
 - uncommit_free_chunks: 1.
 - use_allocation_guard: 0.
 - handle_deallocations: 1.


Internal statistics:

num_allocs_failed_limit: 9.
num_arena_births: 660.
num_arena_deaths: 0.
num_vsnodes_births: 8.
num_vsnodes_deaths: 0.
num_space_committed: 908.
num_space_uncommitted: 0.
num_chunks_returned_to_freelist: 9.
num_chunks_taken_from_freelist: 2944.
num_chunk_merges: 9.
num_chunk_splits: 1921.
num_chunks_enlarged: 1286.
num_purges: 0.
num_inconsistent_stats: 0.

CodeHeap 'non-profiled nmethods': size=120000Kb used=2642Kb max_used=2808Kb free=117357Kb
 bounds [0x000002a250a30000, 0x000002a250cf0000, 0x000002a257f60000]
CodeHeap 'profiled nmethods': size=120000Kb used=10616Kb max_used=11503Kb free=109383Kb
 bounds [0x000002a248f60000, 0x000002a249aa0000, 0x000002a250490000]
CodeHeap 'non-nmethods': size=5760Kb used=2343Kb max_used=2401Kb free=3416Kb
 bounds [0x000002a250490000, 0x000002a250700000, 0x000002a250a30000]
 total_blobs=6487 nmethods=5621 adapters=778
 compilation: enabled
              stopped_count=0, restarted_count=0
 full_count=0

Compilation events (20 events):
Event: 525.915 Thread 0x000002a25be87d20 nmethod 6602 0x000002a248f6b990 code [0x000002a248f6bba0, 0x000002a248f6c358]
Event: 528.049 Thread 0x000002a25be87d20 6603       3       java.util.concurrent.locks.AbstractQueuedSynchronizer$ConditionObject::doSignal (54 bytes)
Event: 528.054 Thread 0x000002a25be87d20 nmethod 6603 0x000002a248f6b290 code [0x000002a248f6b460, 0x000002a248f6b818]
Event: 528.125 Thread 0x000002a25be87d20 6604       3       org.gradle.internal.vfs.impl.DefaultSnapshotHierarchy::invalidate (64 bytes)
Event: 528.211 Thread 0x000002a25be87d20 nmethod 6604 0x000002a249005010 code [0x000002a2490053c0, 0x000002a249006df8]
Event: 528.211 Thread 0x000002a25be87d20 6605       3       org.gradle.internal.vfs.impl.DefaultSnapshotHierarchy$$Lambda$974/0x00000008012d28d0::<init> (10 bytes)
Event: 528.212 Thread 0x000002a25be87d20 nmethod 6605 0x000002a249004c10 code [0x000002a249004da0, 0x000002a249004f58]
Event: 528.212 Thread 0x000002a25be87d20 6606       3       org.gradle.internal.vfs.impl.DefaultSnapshotHierarchy$$Lambda$974/0x00000008012d28d0::apply (12 bytes)
Event: 528.214 Thread 0x000002a25be87d20 nmethod 6606 0x000002a248f6aa90 code [0x000002a248f6ac60, 0x000002a248f6b118]
Event: 531.831 Thread 0x000002a25be87d20 6607   !   3       sun.security.provider.DigestBase::engineDigest (39 bytes)
Event: 531.838 Thread 0x000002a25be87d20 nmethod 6607 0x000002a249316010 code [0x000002a2493161e0, 0x000002a2493166a8]
Event: 531.903 Thread 0x000002a25be87d20 6608   !   3       java.io.ObjectInputStream$BlockDataInputStream::readUTFSpan (502 bytes)
Event: 531.911 Thread 0x000002a25be87d20 nmethod 6608 0x000002a249314610 code [0x000002a2493148a0, 0x000002a249315668]
Event: 531.920 Thread 0x000002a25be87d20 6609       3       java.io.ObjectInputStream$PeekInputStream::peek (49 bytes)
Event: 531.921 Thread 0x000002a25be87d20 nmethod 6609 0x000002a248f6a410 code [0x000002a248f6a5c0, 0x000002a248f6a888]
Event: 531.926 Thread 0x000002a25be87d20 6610       1       java.io.ObjectStreamClass::getPrimDataSize (5 bytes)
Event: 531.926 Thread 0x000002a25be87d20 nmethod 6610 0x000002a250c1a690 code [0x000002a250c1a820, 0x000002a250c1a8f8]
Event: 531.926 Thread 0x000002a25be87d20 6611       1       java.io.ObjectStreamClass::getNumObjFields (5 bytes)
Event: 531.926 Thread 0x000002a25be87d20 nmethod 6611 0x000002a250c1a390 code [0x000002a250c1a520, 0x000002a250c1a5f8]
Event: 535.781 Thread 0x000002a25be87280 6612       4       java.util.ComparableTimSort::sort (219 bytes)

GC Heap History (18 events):
Event: 2.097 GC heap before
{Heap before GC invocations=0 (full 0):
 garbage-first heap   total 262144K, used 13312K [0x00000000e0000000, 0x0000000100000000)
  region size 1024K, 13 young (13312K), 0 survivors (0K)
 Metaspace       used 962K, committed 1088K, reserved 221184K
  class space    used 75K, committed 128K, reserved 212992K
}
Event: 2.108 GC heap after
{Heap after GC invocations=1 (full 0):
 garbage-first heap   total 262144K, used 3608K [0x00000000e0000000, 0x0000000100000000)
  region size 1024K, 2 young (2048K), 2 survivors (2048K)
 Metaspace       used 962K, committed 1088K, reserved 221184K
  class space    used 75K, committed 128K, reserved 212992K
}
Event: 3.255 GC heap before
{Heap before GC invocations=1 (full 0):
 garbage-first heap   total 262144K, used 23064K [0x00000000e0000000, 0x0000000100000000)
  region size 1024K, 17 young (17408K), 2 survivors (2048K)
 Metaspace       used 3820K, committed 3968K, reserved 221184K
  class space    used 476K, committed 576K, reserved 212992K
}
Event: 3.262 GC heap after
{Heap after GC invocations=2 (full 0):
 garbage-first heap   total 262144K, used 10427K [0x00000000e0000000, 0x0000000100000000)
  region size 1024K, 3 young (3072K), 3 survivors (3072K)
 Metaspace       used 3820K, committed 3968K, reserved 221184K
  class space    used 476K, committed 576K, reserved 212992K
}
Event: 3.983 GC heap before
{Heap before GC invocations=2 (full 0):
 garbage-first heap   total 262144K, used 31931K [0x00000000e0000000, 0x0000000100000000)
  region size 1024K, 24 young (24576K), 3 survivors (3072K)
 Metaspace       used 3915K, committed 4096K, reserved 221184K
  class space    used 476K, committed 576K, reserved 212992K
}
Event: 3.988 GC heap after
{Heap after GC invocations=3 (full 0):
 garbage-first heap   total 262144K, used 12707K [0x00000000e0000000, 0x0000000100000000)
  region size 1024K, 3 young (3072K), 3 survivors (3072K)
 Metaspace       used 3915K, committed 4096K, reserved 221184K
  class space    used 476K, committed 576K, reserved 212992K
}
Event: 9.881 GC heap before
{Heap before GC invocations=3 (full 0):
 garbage-first heap   total 262144K, used 116131K [0x00000000e0000000, 0x0000000100000000)
  region size 1024K, 105 young (107520K), 3 survivors (3072K)
 Metaspace       used 21157K, committed 21504K, reserved 237568K
  class space    used 3157K, committed 3264K, reserved 212992K
}
Event: 9.901 GC heap after
{Heap after GC invocations=4 (full 0):
 garbage-first heap   total 262144K, used 22201K [0x00000000e0000000, 0x0000000100000000)
  region size 1024K, 12 young (12288K), 12 survivors (12288K)
 Metaspace       used 21157K, committed 21504K, reserved 237568K
  class space    used 3157K, committed 3264K, reserved 212992K
}
Event: 13.484 GC heap before
{Heap before GC invocations=5 (full 0):
 garbage-first heap   total 262144K, used 123577K [0x00000000e0000000, 0x0000000100000000)
  region size 1024K, 109 young (111616K), 12 survivors (12288K)
 Metaspace       used 35667K, committed 36096K, reserved 245760K
  class space    used 4894K, committed 5120K, reserved 212992K
}
Event: 13.528 GC heap after
{Heap after GC invocations=6 (full 0):
 garbage-first heap   total 262144K, used 32375K [0x00000000e0000000, 0x0000000100000000)
  region size 1024K, 10 young (10240K), 10 survivors (10240K)
 Metaspace       used 35667K, committed 36096K, reserved 245760K
  class space    used 4894K, committed 5120K, reserved 212992K
}
Event: 13.625 GC heap before
{Heap before GC invocations=6 (full 0):
 garbage-first heap   total 262144K, used 34423K [0x00000000e0000000, 0x0000000100000000)
  region size 1024K, 12 young (12288K), 10 survivors (10240K)
 Metaspace       used 35865K, committed 36288K, reserved 245760K
  class space    used 4917K, committed 5120K, reserved 212992K
}
Event: 13.643 GC heap after
{Heap after GC invocations=7 (full 0):
 garbage-first heap   total 262144K, used 31650K [0x00000000e0000000, 0x0000000100000000)
  region size 1024K, 2 young (2048K), 2 survivors (2048K)
 Metaspace       used 35865K, committed 36288K, reserved 245760K
  class space    used 4917K, committed 5120K, reserved 212992K
}
Event: 13.705 GC heap before
{Heap before GC invocations=7 (full 0):
 garbage-first heap   total 262144K, used 32674K [0x00000000e0000000, 0x0000000100000000)
  region size 1024K, 4 young (4096K), 2 survivors (2048K)
 Metaspace       used 36046K, committed 36416K, reserved 245760K
  class space    used 4947K, committed 5120K, reserved 212992K
}
Event: 13.709 GC heap after
{Heap after GC invocations=8 (full 0):
 garbage-first heap   total 262144K, used 30653K [0x00000000e0000000, 0x0000000100000000)
  region size 1024K, 1 young (1024K), 1 survivors (1024K)
 Metaspace       used 36046K, committed 36416K, reserved 245760K
  class space    used 4947K, committed 5120K, reserved 212992K
}
Event: 19.197 GC heap before
{Heap before GC invocations=9 (full 0):
 garbage-first heap   total 262144K, used 174013K [0x00000000e0000000, 0x0000000100000000)
  region size 1024K, 141 young (144384K), 1 survivors (1024K)
 Metaspace       used 55674K, committed 56256K, reserved 262144K
  class space    used 7908K, committed 8192K, reserved 212992K
}
Event: 19.242 GC heap after
{Heap after GC invocations=10 (full 0):
 garbage-first heap   total 262144K, used 42650K [0x00000000e0000000, 0x0000000100000000)
  region size 1024K, 13 young (13312K), 13 survivors (13312K)
 Metaspace       used 55674K, committed 56256K, reserved 262144K
  class space    used 7908K, committed 8192K, reserved 212992K
}
Event: 19.272 GC heap before
{Heap before GC invocations=10 (full 0):
 garbage-first heap   total 262144K, used 43674K [0x00000000e0000000, 0x0000000100000000)
  region size 1024K, 14 young (14336K), 13 survivors (13312K)
 Metaspace       used 55680K, committed 56256K, reserved 262144K
  class space    used 7909K, committed 8192K, reserved 212992K
}
Event: 19.309 GC heap after
{Heap after GC invocations=11 (full 0):
 garbage-first heap   total 262144K, used 43807K [0x00000000e0000000, 0x0000000100000000)
  region size 1024K, 2 young (2048K), 2 survivors (2048K)
 Metaspace       used 55680K, committed 56256K, reserved 262144K
  class space    used 7909K, committed 8192K, reserved 212992K
}

Dll operation events (12 events):
Event: 0.018 Loaded shared library C:\Users\Katarina\.jdks\corretto-17.0.6\bin\java.dll
Event: 0.038 Loaded shared library C:\Users\Katarina\.jdks\corretto-17.0.6\bin\jsvml.dll
Event: 0.163 Loaded shared library C:\Users\Katarina\.jdks\corretto-17.0.6\bin\net.dll
Event: 0.168 Loaded shared library C:\Users\Katarina\.jdks\corretto-17.0.6\bin\nio.dll
Event: 0.177 Loaded shared library C:\Users\Katarina\.jdks\corretto-17.0.6\bin\zip.dll
Event: 0.672 Loaded shared library C:\Users\Katarina\.jdks\corretto-17.0.6\bin\jimage.dll
Event: 0.839 Loaded shared library C:\Users\Katarina\.jdks\corretto-17.0.6\bin\verify.dll
Event: 2.521 Loaded shared library C:\Users\Katarina\.gradle\native\68d5fa5c4cc2d200863cafc0d521ce42e7d3e7ee720ec0a83991735586a16f82\windows-amd64\native-platform.dll
Event: 2.543 Loaded shared library C:\Users\Katarina\.gradle\native\e376f236ea51e6404a007f0833ffe2c6e607c4080706a723a18a27aeea778392\windows-amd64\native-platform-file-events.dll
Event: 4.676 Loaded shared library C:\Users\Katarina\.jdks\corretto-17.0.6\bin\management.dll
Event: 4.686 Loaded shared library C:\Users\Katarina\.jdks\corretto-17.0.6\bin\management_ext.dll
Event: 6.278 Loaded shared library C:\Users\Katarina\.jdks\corretto-17.0.6\bin\sunmscapi.dll

Deoptimization events (20 events):
Event: 45.873 Thread 0x000002a25e0fa5a0 DEOPT PACKING pc=0x000002a2492c2688 sp=0x000000ce5a6fe300
Event: 45.874 Thread 0x000002a25e0fa5a0 DEOPT UNPACKING pc=0x000002a2504e7143 sp=0x000000ce5a6fd808 mode 0
Event: 53.683 Thread 0x000002a25d52dcc0 DEOPT PACKING pc=0x000002a249381218 sp=0x000000ce5d9fe250
Event: 53.683 Thread 0x000002a25d52dcc0 DEOPT UNPACKING pc=0x000002a2504e7143 sp=0x000000ce5d9fd750 mode 0
Event: 53.683 Thread 0x000002a25d52dcc0 DEOPT PACKING pc=0x000002a249383066 sp=0x000000ce5d9fe310
Event: 53.683 Thread 0x000002a25d52dcc0 DEOPT UNPACKING pc=0x000002a2504e7143 sp=0x000000ce5d9fd828 mode 0
Event: 53.683 Thread 0x000002a25d52dcc0 DEOPT PACKING pc=0x000002a249381e49 sp=0x000000ce5d9fe3f0
Event: 53.683 Thread 0x000002a25d52dcc0 DEOPT UNPACKING pc=0x000002a2504e7143 sp=0x000000ce5d9fd8d8 mode 0
Event: 72.220 Thread 0x000002a25ca82770 DEOPT PACKING pc=0x000002a2496b55e4 sp=0x000000ce5b2fefe0
Event: 72.222 Thread 0x000002a25ca82770 DEOPT UNPACKING pc=0x000002a2504e7143 sp=0x000000ce5b2fe560 mode 0
Event: 209.836 Thread 0x000002a25ca82770 DEOPT PACKING pc=0x000002a2496b55e4 sp=0x000000ce5b2fefe0
Event: 209.842 Thread 0x000002a25ca82770 DEOPT UNPACKING pc=0x000002a2504e7143 sp=0x000000ce5b2fe560 mode 0
Event: 344.161 Thread 0x000002a25ca82770 DEOPT PACKING pc=0x000002a2496b55e4 sp=0x000000ce5b2fefe0
Event: 344.175 Thread 0x000002a25ca82770 DEOPT UNPACKING pc=0x000002a2504e7143 sp=0x000000ce5b2fe560 mode 0
Event: 460.783 Thread 0x000002a25ca82770 DEOPT PACKING pc=0x000002a2496b55e4 sp=0x000000ce5b2ff020
Event: 460.789 Thread 0x000002a25ca82770 DEOPT UNPACKING pc=0x000002a2504e7143 sp=0x000000ce5b2fe5a0 mode 0
Event: 521.782 Thread 0x000002a25e451a80 Uncommon trap: trap_request=0xffffff76 fr.pc=0x000002a250b34484 relative=0x00000000000022a4
Event: 521.783 Thread 0x000002a25e451a80 Uncommon trap: reason=predicate action=maybe_recompile pc=0x000002a250b34484 method=java.util.ComparableTimSort.reverseRange([Ljava/lang/Object;II)V @ 5 c2
Event: 521.784 Thread 0x000002a25e451a80 DEOPT PACKING pc=0x000002a250b34484 sp=0x000000ce5a4feae0
Event: 521.785 Thread 0x000002a25e451a80 DEOPT UNPACKING pc=0x000002a2504e69a3 sp=0x000000ce5a4fe9c0 mode 2

Classes unloaded (0 events):
No events

Classes redefined (0 events):
No events

Internal exceptions (20 events):
Event: 19.052 Thread 0x000002a25efbabb0 Exception <a 'java/lang/NoSuchMethodError'{0x00000000e7538210}: 'java.lang.Object java.lang.invoke.DirectMethodHandle$Holder.invokeVirtual(java.lang.Object, java.lang.Object, int)'> (0x00000000e7538210) 
thrown [s\src\hotspot\share\interpreter\linkResolver.cpp, line 759]
Event: 19.097 Thread 0x000002a25efbabb0 Implicit null exception at 0x000002a250bb818c to 0x000002a250bb82c2
Event: 19.126 Thread 0x000002a25efbabb0 Exception <a 'sun/nio/fs/WindowsException'{0x00000000e74a9e98}> (0x00000000e74a9e98) 
thrown [s\src\hotspot\share\prims\jni.cpp, line 516]
Event: 19.162 Thread 0x000002a25efbabb0 Exception <a 'sun/nio/fs/WindowsException'{0x00000000e73e8a18}> (0x00000000e73e8a18) 
thrown [s\src\hotspot\share\prims\jni.cpp, line 516]
Event: 19.166 Thread 0x000002a25efbabb0 Exception <a 'sun/nio/fs/WindowsException'{0x00000000e73eb968}> (0x00000000e73eb968) 
thrown [s\src\hotspot\share\prims\jni.cpp, line 516]
Event: 19.249 Thread 0x000002a25efbabb0 Exception <a 'sun/nio/fs/WindowsException'{0x00000000eff013e0}> (0x00000000eff013e0) 
thrown [s\src\hotspot\share\prims\jni.cpp, line 516]
Event: 19.261 Thread 0x000002a25efbabb0 Exception <a 'sun/nio/fs/WindowsException'{0x00000000eff0dfd0}> (0x00000000eff0dfd0) 
thrown [s\src\hotspot\share\prims\jni.cpp, line 516]
Event: 19.261 Thread 0x000002a25efbabb0 Exception <a 'sun/nio/fs/WindowsException'{0x00000000eff0e2a0}> (0x00000000eff0e2a0) 
thrown [s\src\hotspot\share\prims\jni.cpp, line 516]
Event: 19.326 Thread 0x000002a25efbabb0 Exception <a 'java/lang/NoSuchMethodError'{0x00000000efcc9e98}: 'java.lang.Object java.lang.invoke.DirectMethodHandle$Holder.invokeStatic(java.lang.Object, java.lang.Object, int, int)'> (0x00000000efcc9e98) 
thrown [s\src\hotspot\share\interpreter\linkResolver.cpp, line 759]
Event: 19.582 Thread 0x000002a25efbabb0 Exception <a 'sun/nio/fs/WindowsException'{0x00000000ef75def0}> (0x00000000ef75def0) 
thrown [s\src\hotspot\share\prims\jni.cpp, line 516]
Event: 19.654 Thread 0x000002a25efbabb0 Exception <a 'sun/nio/fs/WindowsException'{0x00000000ef631b40}> (0x00000000ef631b40) 
thrown [s\src\hotspot\share\prims\jni.cpp, line 516]
Event: 20.784 Thread 0x000002a25ca80a90 Exception <a 'java/lang/NoSuchMethodError'{0x00000000eff08988}: static Lorg/gradle/internal/build/event/types/DefaultTaskFinishedProgressEvent;.<clinit>()V> (0x00000000eff08988) 
thrown [s\src\hotspot\share\prims\jni.cpp, line 1107]
Event: 20.790 Thread 0x000002a25ca80a90 Exception <a 'java/lang/NoSuchMethodError'{0x00000000ef348890}: static Lorg/gradle/internal/build/event/types/DefaultJavaCompileTaskSuccessResult;.<clinit>()V> (0x00000000ef348890) 
thrown [s\src\hotspot\share\prims\jni.cpp, line 1107]
Event: 20.790 Thread 0x000002a25ca80a90 Exception <a 'java/lang/NoSuchMethodError'{0x00000000ef34a000}: static Lorg/gradle/internal/build/event/types/DefaultTaskSuccessResult;.<clinit>()V> (0x00000000ef34a000) 
thrown [s\src\hotspot\share\prims\jni.cpp, line 1107]
Event: 20.790 Thread 0x000002a25ca80a90 Exception <a 'java/lang/NoSuchMethodError'{0x00000000ef34b178}: static Lorg/gradle/internal/build/event/types/AbstractTaskResult;.<clinit>()V> (0x00000000ef34b178) 
thrown [s\src\hotspot\share\prims\jni.cpp, line 1107]
Event: 20.790 Thread 0x000002a25ca80a90 Exception <a 'java/lang/NoSuchMethodError'{0x00000000ef34c6a0}: static Lorg/gradle/internal/build/event/types/AbstractResult;.<clinit>()V> (0x00000000ef34c6a0) 
thrown [s\src\hotspot\share\prims\jni.cpp, line 1107]
Event: 20.796 Thread 0x000002a25ca80a90 Exception <a 'java/lang/NoSuchMethodError'{0x00000000ef3840a8}: static [Ljava/lang/Object;.<clinit>()V> (0x00000000ef3840a8) 
thrown [s\src\hotspot\share\prims\jni.cpp, line 1107]
Event: 53.645 Thread 0x000002a25d52dcc0 Exception <a 'java/lang/NoSuchMethodError'{0x00000000ef0c9180}: 'void java.lang.invoke.DirectMethodHandle$Holder.invokeSpecial(java.lang.Object, java.lang.Object, java.lang.Object, int)'> (0x00000000ef0c9180) 
thrown [s\src\hotspot\share\interpreter\linkResolver.cpp, line 759]
Event: 53.681 Thread 0x000002a25d52dcc0 Exception <a 'java/lang/NoSuchMethodError'{0x00000000ef0e22a0}: static Lorg/gradle/launcher/daemon/protocol/Command;.<clinit>()V> (0x00000000ef0e22a0) 
thrown [s\src\hotspot\share\prims\jni.cpp, line 1107]
Event: 53.683 Thread 0x000002a25d52dcc0 Exception <a 'java/lang/NoSuchMethodError'{0x00000000ef0ec128}: static Lorg/gradle/launcher/daemon/protocol/InvalidateVirtualFileSystem;.<clinit>()V> (0x00000000ef0ec128) 
thrown [s\src\hotspot\share\prims\jni.cpp, line 1107]

VM Operations (20 events):
Event: 394.885 Executing VM operation: Cleanup
Event: 394.885 Executing VM operation: Cleanup done
Event: 397.903 Executing VM operation: Cleanup
Event: 397.904 Executing VM operation: Cleanup done
Event: 407.971 Executing VM operation: Cleanup
Event: 407.977 Executing VM operation: Cleanup done
Event: 429.170 Executing VM operation: Cleanup
Event: 429.170 Executing VM operation: Cleanup done
Event: 430.171 Executing VM operation: Cleanup
Event: 430.171 Executing VM operation: Cleanup done
Event: 446.274 Executing VM operation: Cleanup
Event: 446.276 Executing VM operation: Cleanup done
Event: 460.378 Executing VM operation: Cleanup
Event: 460.378 Executing VM operation: Cleanup done
Event: 475.516 Executing VM operation: Cleanup
Event: 475.516 Executing VM operation: Cleanup done
Event: 476.531 Executing VM operation: Cleanup
Event: 476.531 Executing VM operation: Cleanup done
Event: 532.898 Executing VM operation: Cleanup
Event: 532.910 Executing VM operation: Cleanup done

Events (20 events):
Event: 149.552 Thread 0x000002a25d52dcc0 Thread exited: 0x000002a25d52dcc0
Event: 196.191 Thread 0x000002a25efbcd60 Thread exited: 0x000002a25efbcd60
Event: 209.562 Thread 0x000002a25d52d7f0 Thread exited: 0x000002a25d52d7f0
Event: 210.452 Thread 0x000002a25d52eb30 Thread added: 0x000002a25d52eb30
Event: 210.457 Thread 0x000002a25d52f9a0 Thread added: 0x000002a25d52f9a0
Event: 210.483 Thread 0x000002a25d52f9a0 Thread exited: 0x000002a25d52f9a0
Event: 270.510 Thread 0x000002a25d52eb30 Thread exited: 0x000002a25d52eb30
Event: 276.625 Thread 0x000002a25d52d7f0 Thread added: 0x000002a25d52d7f0
Event: 276.635 Thread 0x000002a25d52f9a0 Thread added: 0x000002a25d52f9a0
Event: 276.745 Thread 0x000002a25d52f9a0 Thread exited: 0x000002a25d52f9a0
Event: 327.300 Thread 0x000002a25d52fe70 Thread added: 0x000002a25d52fe70
Event: 327.598 Thread 0x000002a25d52fe70 Thread exited: 0x000002a25d52fe70
Event: 384.119 Thread 0x000002a25d530340 Thread added: 0x000002a25d530340
Event: 384.239 Thread 0x000002a25d530340 Thread exited: 0x000002a25d530340
Event: 429.993 Thread 0x000002a25d52bb10 Thread added: 0x000002a25d52bb10
Event: 430.135 Thread 0x000002a25d52bb10 Thread exited: 0x000002a25d52bb10
Event: 490.185 Thread 0x000002a25d52d7f0 Thread exited: 0x000002a25d52d7f0
Event: 531.864 Thread 0x000002a25d52a7d0 Thread added: 0x000002a25d52a7d0
Event: 531.886 Thread 0x000002a25d530ce0 Thread added: 0x000002a25d530ce0
Event: 531.967 Thread 0x000002a25d530ce0 Thread exited: 0x000002a25d530ce0


Dynamic libraries:
0x00007ff6ce6e0000 - 0x00007ff6ce6ed000 	C:\Users\Katarina\.jdks\corretto-17.0.6\bin\java.exe
0x00007ff80a2d0000 - 0x00007ff80a4c8000 	C:\WINDOWS\SYSTEM32\ntdll.dll
0x00007ff80a110000 - 0x00007ff80a1cf000 	C:\WINDOWS\System32\KERNEL32.DLL
0x00007ff807ad0000 - 0x00007ff807da2000 	C:\WINDOWS\System32\KERNELBASE.dll
0x00007ff807e00000 - 0x00007ff807f00000 	C:\WINDOWS\System32\ucrtbase.dll
0x00007ff8032b0000 - 0x00007ff8032c5000 	C:\Users\Katarina\.jdks\corretto-17.0.6\bin\VCRUNTIME140.dll
0x00007ff8032d0000 - 0x00007ff8032e7000 	C:\Users\Katarina\.jdks\corretto-17.0.6\bin\jli.dll
0x00007ff808ce0000 - 0x00007ff808e81000 	C:\WINDOWS\System32\USER32.dll
0x00007ff807fc0000 - 0x00007ff807fe2000 	C:\WINDOWS\System32\win32u.dll
0x00007ffff79b0000 - 0x00007ffff7c4a000 	C:\WINDOWS\WinSxS\amd64_microsoft.windows.common-controls_6595b64144ccf1df_6.0.19041.1110_none_60b5254171f9507e\COMCTL32.dll
0x00007ff808cb0000 - 0x00007ff808cdb000 	C:\WINDOWS\System32\GDI32.dll
0x00007ff808c10000 - 0x00007ff808cae000 	C:\WINDOWS\System32\msvcrt.dll
0x00007ff8079c0000 - 0x00007ff807acf000 	C:\WINDOWS\System32\gdi32full.dll
0x00007ff807ff0000 - 0x00007ff80808d000 	C:\WINDOWS\System32\msvcp_win.dll
0x00007ff808310000 - 0x00007ff808342000 	C:\WINDOWS\System32\IMM32.DLL
0x00007ffff0f20000 - 0x00007ffff0fbb000 	C:\Users\Katarina\.jdks\corretto-17.0.6\bin\msvcp140.dll
0x00007fffca590000 - 0x00007fffcb1a8000 	C:\Users\Katarina\.jdks\corretto-17.0.6\bin\server\jvm.dll
0x00007ff808b60000 - 0x00007ff808c0e000 	C:\WINDOWS\System32\ADVAPI32.dll
0x00007ff809320000 - 0x00007ff8093bc000 	C:\WINDOWS\System32\sechost.dll
0x00007ff8084f0000 - 0x00007ff808615000 	C:\WINDOWS\System32\RPCRT4.dll
0x00007fffee240000 - 0x00007fffee249000 	C:\WINDOWS\SYSTEM32\WSOCK32.dll
0x00007fffe96b0000 - 0x00007fffe96d7000 	C:\WINDOWS\SYSTEM32\WINMM.dll
0x00007ff808810000 - 0x00007ff80887b000 	C:\WINDOWS\System32\WS2_32.dll
0x00007ffff6420000 - 0x00007ffff642a000 	C:\WINDOWS\SYSTEM32\VERSION.dll
0x00007ff806210000 - 0x00007ff806222000 	C:\WINDOWS\SYSTEM32\kernel.appcore.dll
0x00007ff8032a0000 - 0x00007ff8032aa000 	C:\Users\Katarina\.jdks\corretto-17.0.6\bin\jimage.dll
0x00007fffed930000 - 0x00007fffedb14000 	C:\WINDOWS\SYSTEM32\DBGHELP.DLL
0x00007fffed8f0000 - 0x00007fffed925000 	C:\WINDOWS\SYSTEM32\dbgcore.DLL
0x00007ff807f30000 - 0x00007ff807fb2000 	C:\WINDOWS\System32\bcryptPrimitives.dll
0x00007ffff71d0000 - 0x00007ffff71f5000 	C:\Users\Katarina\.jdks\corretto-17.0.6\bin\java.dll
0x00007fffe8ba0000 - 0x00007fffe8c76000 	C:\Users\Katarina\.jdks\corretto-17.0.6\bin\jsvml.dll
0x00007ff809930000 - 0x00007ff80a075000 	C:\WINDOWS\System32\SHELL32.dll
0x00007ff805770000 - 0x00007ff805f02000 	C:\WINDOWS\SYSTEM32\windows.storage.dll
0x00007ff8094f0000 - 0x00007ff809845000 	C:\WINDOWS\System32\combase.dll
0x00007ff807340000 - 0x00007ff807370000 	C:\WINDOWS\SYSTEM32\Wldp.dll
0x00007ff80a1d0000 - 0x00007ff80a27d000 	C:\WINDOWS\System32\SHCORE.dll
0x00007ff808360000 - 0x00007ff8083b5000 	C:\WINDOWS\System32\shlwapi.dll
0x00007ff807900000 - 0x00007ff80791f000 	C:\WINDOWS\SYSTEM32\profapi.dll
0x00007ffff71b0000 - 0x00007ffff71c9000 	C:\Users\Katarina\.jdks\corretto-17.0.6\bin\net.dll
0x00007ffff8300000 - 0x00007ffff840c000 	C:\WINDOWS\SYSTEM32\WINHTTP.dll
0x00007ff8070a0000 - 0x00007ff80710a000 	C:\WINDOWS\system32\mswsock.dll
0x00007ffff6c70000 - 0x00007ffff6c85000 	C:\Users\Katarina\.jdks\corretto-17.0.6\bin\nio.dll
0x00007ffff66f0000 - 0x00007ffff6708000 	C:\Users\Katarina\.jdks\corretto-17.0.6\bin\zip.dll
0x00007ffff7680000 - 0x00007ffff7690000 	C:\Users\Katarina\.jdks\corretto-17.0.6\bin\verify.dll
0x00007fffffac0000 - 0x00007fffffae7000 	C:\Users\Katarina\.gradle\native\68d5fa5c4cc2d200863cafc0d521ce42e7d3e7ee720ec0a83991735586a16f82\windows-amd64\native-platform.dll
0x00007fffcfcc0000 - 0x00007fffcfe04000 	C:\Users\Katarina\.gradle\native\e376f236ea51e6404a007f0833ffe2c6e607c4080706a723a18a27aeea778392\windows-amd64\native-platform-file-events.dll
0x00007ff8033a0000 - 0x00007ff8033a9000 	C:\Users\Katarina\.jdks\corretto-17.0.6\bin\management.dll
0x00007ff803300000 - 0x00007ff80330b000 	C:\Users\Katarina\.jdks\corretto-17.0.6\bin\management_ext.dll
0x00007ff80a280000 - 0x00007ff80a288000 	C:\WINDOWS\System32\PSAPI.DLL
0x00007ff8072a0000 - 0x00007ff8072b8000 	C:\WINDOWS\SYSTEM32\CRYPTSP.dll
0x00007ff8069c0000 - 0x00007ff8069f4000 	C:\WINDOWS\system32\rsaenh.dll
0x00007ff807f00000 - 0x00007ff807f27000 	C:\WINDOWS\System32\bcrypt.dll
0x00007ff807880000 - 0x00007ff8078ae000 	C:\WINDOWS\SYSTEM32\USERENV.dll
0x00007ff807290000 - 0x00007ff80729c000 	C:\WINDOWS\SYSTEM32\CRYPTBASE.dll
0x00007ff806d90000 - 0x00007ff806dcb000 	C:\WINDOWS\SYSTEM32\IPHLPAPI.DLL
0x00007ff808880000 - 0x00007ff808888000 	C:\WINDOWS\System32\NSI.dll
0x00007ffff9720000 - 0x00007ffff9737000 	C:\WINDOWS\SYSTEM32\dhcpcsvc6.DLL
0x00007ffffc5d0000 - 0x00007ffffc5ed000 	C:\WINDOWS\SYSTEM32\dhcpcsvc.DLL
0x00007ff806dd0000 - 0x00007ff806e9b000 	C:\WINDOWS\SYSTEM32\DNSAPI.dll
0x00007ff803210000 - 0x00007ff80321e000 	C:\Users\Katarina\.jdks\corretto-17.0.6\bin\sunmscapi.dll
0x00007ff808090000 - 0x00007ff8081e6000 	C:\WINDOWS\System32\CRYPT32.dll
0x00007ff8073b0000 - 0x00007ff8073d7000 	C:\WINDOWS\SYSTEM32\ncrypt.dll
0x00007ff807370000 - 0x00007ff8073ab000 	C:\WINDOWS\SYSTEM32\NTASN1.dll
0x00007ffffc300000 - 0x00007ffffc307000 	C:\WINDOWS\system32\wshunix.dll

dbghelp: loaded successfully - version: 4.0.5 - missing functions: none
symbol engine: initialized successfully - sym options: 0x614 - pdb path: .;C:\Users\Katarina\.jdks\corretto-17.0.6\bin;C:\WINDOWS\SYSTEM32;C:\WINDOWS\WinSxS\amd64_microsoft.windows.common-controls_6595b64144ccf1df_6.0.19041.1110_none_60b5254171f9507e;C:\Users\Katarina\.jdks\corretto-17.0.6\bin\server;C:\Users\Katarina\.gradle\native\68d5fa5c4cc2d200863cafc0d521ce42e7d3e7ee720ec0a83991735586a16f82\windows-amd64;C:\Users\Katarina\.gradle\native\e376f236ea51e6404a007f0833ffe2c6e607c4080706a723a18a27aeea778392\windows-amd64

VM Arguments:
jvm_args: --add-opens=java.base/java.util=ALL-UNNAMED --add-opens=java.base/java.lang=ALL-UNNAMED --add-opens=java.base/java.lang.invoke=ALL-UNNAMED --add-opens=java.prefs/java.util.prefs=ALL-UNNAMED --add-opens=java.base/java.nio.charset=ALL-UNNAMED --add-opens=java.base/java.net=ALL-UNNAMED --add-opens=java.base/java.util.concurrent.atomic=ALL-UNNAMED -XX:MaxMetaspaceSize=256m -XX:+HeapDumpOnOutOfMemoryError -Xms256m -Xmx512m -Dfile.encoding=windows-1250 -Duser.country=SK -Duser.language=sk -Duser.variant 
java_command: org.gradle.launcher.daemon.bootstrap.GradleDaemon 8.0
java_class_path (initial): C:\Users\Katarina\.gradle\wrapper\dists\gradle-8.0-bin\ca5e32bp14vu59qr306oxotwh\gradle-8.0\lib\gradle-launcher-8.0.jar
Launcher Type: SUN_STANDARD

[Global flags]
     intx CICompilerCount                          = 3                                         {product} {ergonomic}
   size_t CompressedClassSpaceSize                 = 218103808                                 {product} {ergonomic}
     uint ConcGCThreads                            = 1                                         {product} {ergonomic}
     uint G1ConcRefinementThreads                  = 4                                         {product} {ergonomic}
   size_t G1HeapRegionSize                         = 1048576                                   {product} {ergonomic}
    uintx GCDrainStackTargetSize                   = 64                                        {product} {ergonomic}
     bool HeapDumpOnOutOfMemoryError               = true                                   {manageable} {command line}
   size_t InitialHeapSize                          = 268435456                                 {product} {command line}
   size_t MarkStackSize                            = 4194304                                   {product} {ergonomic}
   size_t MaxHeapSize                              = 536870912                                 {product} {command line}
   size_t MaxMetaspaceSize                         = 268435456                                 {product} {command line}
   size_t MaxNewSize                               = 321912832                                 {product} {ergonomic}
   size_t MinHeapDeltaBytes                        = 1048576                                   {product} {ergonomic}
   size_t MinHeapSize                              = 268435456                                 {product} {command line}
    uintx NonNMethodCodeHeapSize                   = 5832780                                {pd product} {ergonomic}
    uintx NonProfiledCodeHeapSize                  = 122912730                              {pd product} {ergonomic}
    uintx ProfiledCodeHeapSize                     = 122912730                              {pd product} {ergonomic}
    uintx ReservedCodeCacheSize                    = 251658240                              {pd product} {ergonomic}
     bool SegmentedCodeCache                       = true                                      {product} {ergonomic}
   size_t SoftMaxHeapSize                          = 536870912                              {manageable} {ergonomic}
     bool UseCompressedClassPointers               = true                           {product lp64_product} {ergonomic}
     bool UseCompressedOops                        = true                           {product lp64_product} {ergonomic}
     bool UseG1GC                                  = true                                      {product} {ergonomic}
     bool UseLargePagesIndividualAllocation        = false                                  {pd product} {ergonomic}

Logging:
Log output configuration:
 #0: stdout all=warning uptime,level,tags
 #1: stderr all=off uptime,level,tags

Environment Variables:
JAVA_HOME=C:\Users\Katarina\AppData\Local\Programs\AdoptOpenJDK\jdk-11.0.9.11-hotspot\
PATH=C:\Program Files (x86)\Intel\iCLS Client\;C:\Program Files\Intel\iCLS Client\;C:\WINDOWS\system32;C:\WINDOWS;C:\WINDOWS\System32\Wbem;C:\WINDOWS\System32\WindowsPowerShell\v1.0\;C:\Program Files (x86)\Intel\Intel(R) Management Engine Components\DAL;C:\Program Files\Intel\Intel(R) Management Engine Components\DAL;C:\Program Files (x86)\Intel\Intel(R) Management Engine Components\IPT;C:\Program Files\Intel\Intel(R) Management Engine Components\IPT;C:\WINDOWS\System32\OpenSSH\;C:\Program Files (x86)\EAC MW klient\;C:\ProgramData\chocolatey\bin;C:\Program Files (x86)\mingw-w64\i686-8.1.0-posix-dwarf-rt_v6-rev0;C:\Program Files\Git\cmd;C:\Users\Katarina\AppData\Local\Programs\AdoptOpenJDK\jdk-11.0.9.11-hotspot\bin;C:\Users\Katarina\AppData\Local\Microsoft\WindowsApps;C:\Users\Katarina\AppData\Roaming\cabal\bin;C:\ProgramData\chocolatey\lib\ghc\tools\ghc-8.10.2\bin;C:\tools\msys64;C:\Program Files\mingw-w64\x86_64-8.1.0-posix-seh-rt_v6-rev0\mingw64\bin.;C:\Program Files (x86)\mingw-w64\i686-8.1.0-posix-dwarf-rt_v6-rev0;C:\Users\Katarina\AppData\Local\JetBrains\Toolbox\scripts
USERNAME=Katarina
OS=Windows_NT
PROCESSOR_IDENTIFIER=Intel64 Family 6 Model 78 Stepping 3, GenuineIntel
TMP=C:\Users\Katarina\AppData\Local\Temp
TEMP=C:\Users\Katarina\AppData\Local\Temp



---------------  S Y S T E M  ---------------

OS:
 Windows 10 , 64 bit Build 19041 (10.0.19041.2546)
OS uptime: 0 days 6:59 hours

CPU: total 4 (initial active 4) (2 cores per cpu, 2 threads per core) family 6 model 78 stepping 3 microcode 0xcc, cx8, cmov, fxsr, ht, mmx, 3dnowpref, sse, sse2, sse3, ssse3, sse4.1, sse4.2, popcnt, lzcnt, tsc, tscinvbit, avx, avx2, aes, erms, clmul, bmi1, bmi2, adx, fma, vzeroupper, clflush, clflushopt

Memory: 4k page, system-wide physical 3960M (233M free)
TotalPageFile size 16248M (AvailPageFile size 4M)
current process WorkingSet (physical memory assigned to process): 35M, peak: 342M
current process commit charge ("private bytes"): 450M, peak: 464M

vm_info: OpenJDK 64-Bit Server VM (17.0.6+10-LTS) for windows-amd64 JRE (17.0.6+10-LTS), built on Jan 13 2023 22:57:04 by "Administrator" with MS VC++ 15.9 (VS2017)

END.
